Hardware allocated: cuda
STATERA PoC Temporal Tracking Training Started...
Epoch[1/50] | Train Batch[0/167] | Time (1st batch): 7.19s | Loss: 15.8565 (wH: 14.0051, wZ: 18.5139)
Epoch[1/50] | Train Batch[10/167] | Time (10 batches): 68.96s | Loss: 13.6051 (wH: 13.2170, wZ: 3.8801)
Epoch[1/50] | Train Batch[20/167] | Time (10 batches): 69.48s | Loss: 13.1056 (wH: 12.6259, wZ: 4.7965)
Epoch[1/50] | Train Batch[30/167] | Time (10 batches): 71.93s | Loss: 11.4923 (wH: 11.1427, wZ: 3.4958)
Epoch[1/50] | Train Batch[40/167] | Time (10 batches): 70.18s | Loss: 10.5238 (wH: 10.3412, wZ: 1.8258)
Epoch[1/50] | Train Batch[50/167] | Time (10 batches): 69.02s | Loss: 9.7740 (wH: 9.3458, wZ: 4.2827)
Epoch[1/50] | Train Batch[60/167] | Time (10 batches): 69.00s | Loss: 8.9923 (wH: 8.8255, wZ: 1.6684)
Epoch[1/50] | Train Batch[70/167] | Time (10 batches): 69.02s | Loss: 8.9192 (wH: 8.6039, wZ: 3.1529)
Epoch[1/50] | Train Batch[80/167] | Time (10 batches): 69.02s | Loss: 8.5928 (wH: 8.2147, wZ: 3.7809)
Epoch[1/50] | Train Batch[90/167] | Time (10 batches): 69.04s | Loss: 8.2847 (wH: 8.0001, wZ: 2.8465)
Epoch[1/50] | Train Batch[100/167] | Time (10 batches): 69.06s | Loss: 8.4697 (wH: 8.3347, wZ: 1.3497)
Epoch[1/50] | Train Batch[110/167] | Time (10 batches): 69.03s | Loss: 8.2900 (wH: 8.1367, wZ: 1.5327)
Epoch[1/50] | Train Batch[120/167] | Time (10 batches): 68.96s | Loss: 8.3436 (wH: 8.0280, wZ: 3.1555)
Epoch[1/50] | Train Batch[130/167] | Time (10 batches): 69.03s | Loss: 8.4967 (wH: 8.1835, wZ: 3.1316)
Epoch[1/50] | Train Batch[140/167] | Time (10 batches): 69.03s | Loss: 8.5065 (wH: 8.2610, wZ: 2.4549)
Epoch[1/50] | Train Batch[150/167] | Time (10 batches): 69.10s | Loss: 8.5470 (wH: 8.3695, wZ: 1.7749)
Epoch[1/50] | Train Batch[160/167] | Time (10 batches): 69.05s | Loss: 8.3336 (wH: 8.1602, wZ: 1.7339)
=== Epoch 1 Completed in 1442.2s | Sigma: 12.50 | Alpha: 0.00 ===
Train - wHeatmap: 9.3438 | wZ-Depth: 3.0848
Val   - wHeatmap: 8.0627 | wZ-Depth: 1.3766 ✓[Checkpoint Saved]
➔ PHYSICAL SCRUTINY: Missed CoM by 11.23 internal pixels -> ~67.4 pixels on ACTUAL 384x384 video.

Epoch[2/50] | Train Batch[0/167] | Time (1st batch): 6.95s | Loss: 8.3179 (wH: 8.1472, wZ: 1.7073)
Epoch[2/50] | Train Batch[10/167] | Time (10 batches): 68.94s | Loss: 6.9450 (wH: 6.7505, wZ: 1.9455)
Epoch[2/50] | Train Batch[20/167] | Time (10 batches): 68.98s | Loss: 6.7262 (wH: 6.5152, wZ: 2.1092)
Epoch[2/50] | Train Batch[30/167] | Time (10 batches): 69.00s | Loss: 6.6772 (wH: 6.4811, wZ: 1.9603)
Epoch[2/50] | Train Batch[40/167] | Time (10 batches): 68.98s | Loss: 6.3427 (wH: 6.1751, wZ: 1.6756)
Epoch[2/50] | Train Batch[50/167] | Time (10 batches): 68.97s | Loss: 6.3452 (wH: 6.0296, wZ: 3.1556)
Epoch[2/50] | Train Batch[60/167] | Time (10 batches): 68.99s | Loss: 6.0922 (wH: 5.9354, wZ: 1.5680)
Epoch[2/50] | Train Batch[70/167] | Time (10 batches): 69.01s | Loss: 6.4473 (wH: 6.3439, wZ: 1.0340)
Epoch[2/50] | Train Batch[80/167] | Time (10 batches): 68.98s | Loss: 6.3048 (wH: 6.2080, wZ: 0.9682)
Epoch[2/50] | Train Batch[90/167] | Time (10 batches): 68.98s | Loss: 6.0298 (wH: 5.8993, wZ: 1.3047)
Epoch[2/50] | Train Batch[100/167] | Time (10 batches): 69.01s | Loss: 6.0537 (wH: 5.9870, wZ: 0.6673)
Epoch[2/50] | Train Batch[110/167] | Time (10 batches): 69.00s | Loss: 6.4254 (wH: 6.2820, wZ: 1.4345)
Epoch[2/50] | Train Batch[120/167] | Time (10 batches): 68.95s | Loss: 6.0191 (wH: 5.8437, wZ: 1.7540)
Epoch[2/50] | Train Batch[130/167] | Time (10 batches): 68.95s | Loss: 6.1327 (wH: 6.0485, wZ: 0.8417)
Epoch[2/50] | Train Batch[140/167] | Time (10 batches): 68.94s | Loss: 6.1019 (wH: 6.0410, wZ: 0.6093)
Epoch[2/50] | Train Batch[150/167] | Time (10 batches): 69.01s | Loss: 6.1510 (wH: 6.0348, wZ: 1.1620)
Epoch[2/50] | Train Batch[160/167] | Time (10 batches): 68.90s | Loss: 6.2220 (wH: 6.0883, wZ: 1.3370)
=== Epoch 2 Completed in 1436.5s | Sigma: 12.18 | Alpha: 0.03 ===
Train - wHeatmap: 6.2329 | wZ-Depth: 1.5417
Val   - wHeatmap: 6.0259 | wZ-Depth: 1.2204 ✓[Checkpoint Saved]
➔ PHYSICAL SCRUTINY: Missed CoM by 10.79 internal pixels -> ~64.7 pixels on ACTUAL 384x384 video.

Epoch[3/50] | Train Batch[0/167] | Time (1st batch): 6.93s | Loss: 5.3154 (wH: 5.1315, wZ: 1.8389)
Epoch[3/50] | Train Batch[10/167] | Time (10 batches): 68.97s | Loss: 5.0646 (wH: 4.9284, wZ: 1.3626)
Epoch[3/50] | Train Batch[20/167] | Time (10 batches): 68.91s | Loss: 5.0188 (wH: 4.9106, wZ: 1.0823)
Epoch[3/50] | Train Batch[30/167] | Time (10 batches): 68.89s | Loss: 5.0977 (wH: 4.9928, wZ: 1.0490)
Epoch[3/50] | Train Batch[40/167] | Time (10 batches): 68.92s | Loss: 4.8828 (wH: 4.8246, wZ: 0.5822)
Epoch[3/50] | Train Batch[50/167] | Time (10 batches): 69.00s | Loss: 4.8376 (wH: 4.7438, wZ: 0.9382)
Epoch[3/50] | Train Batch[60/167] | Time (10 batches): 68.96s | Loss: 4.9536 (wH: 4.8667, wZ: 0.8691)
Epoch[3/50] | Train Batch[70/167] | Time (10 batches): 68.96s | Loss: 5.0342 (wH: 4.9482, wZ: 0.8599)
Epoch[3/50] | Train Batch[80/167] | Time (10 batches): 68.96s | Loss: 4.7543 (wH: 4.6664, wZ: 0.8793)
Epoch[3/50] | Train Batch[90/167] | Time (10 batches): 68.96s | Loss: 4.9703 (wH: 4.8663, wZ: 1.0400)
Epoch[3/50] | Train Batch[100/167] | Time (10 batches): 68.96s | Loss: 4.8571 (wH: 4.7371, wZ: 1.2003)
Epoch[3/50] | Train Batch[110/167] | Time (10 batches): 68.99s | Loss: 4.8317 (wH: 4.7326, wZ: 0.9906)
Epoch[3/50] | Train Batch[120/167] | Time (10 batches): 68.97s | Loss: 4.9837 (wH: 4.8993, wZ: 0.8433)
Epoch[3/50] | Train Batch[130/167] | Time (10 batches): 68.94s | Loss: 5.0855 (wH: 4.9506, wZ: 1.3483)
Epoch[3/50] | Train Batch[140/167] | Time (10 batches): 68.96s | Loss: 4.8161 (wH: 4.7432, wZ: 0.7286)
Epoch[3/50] | Train Batch[150/167] | Time (10 batches): 68.98s | Loss: 4.8215 (wH: 4.7160, wZ: 1.0546)
Epoch[3/50] | Train Batch[160/167] | Time (10 batches): 69.00s | Loss: 4.7596 (wH: 4.6469, wZ: 1.1264)
=== Epoch 3 Completed in 1436.4s | Sigma: 11.87 | Alpha: 0.07 ===
Train - wHeatmap: 4.8606 | wZ-Depth: 1.0316
Val   - wHeatmap: 4.7085 | wZ-Depth: 0.8163 ✓[Checkpoint Saved]
➔ PHYSICAL SCRUTINY: Missed CoM by 9.06 internal pixels -> ~54.4 pixels on ACTUAL 384x384 video.

Epoch[4/50] | Train Batch[0/167] | Time (1st batch): 6.92s | Loss: 4.0922 (wH: 4.0212, wZ: 0.7105)
Epoch[4/50] | Train Batch[10/167] | Time (10 batches): 68.97s | Loss: 4.1635 (wH: 4.0876, wZ: 0.7595)
Epoch[4/50] | Train Batch[20/167] | Time (10 batches): 68.97s | Loss: 4.1345 (wH: 4.0254, wZ: 1.0918)
Epoch[4/50] | Train Batch[30/167] | Time (10 batches): 68.98s | Loss: 4.3775 (wH: 4.2317, wZ: 1.4580)
Epoch[4/50] | Train Batch[40/167] | Time (10 batches): 69.02s | Loss: 4.2207 (wH: 4.1512, wZ: 0.6957)
Epoch[4/50] | Train Batch[50/167] | Time (10 batches): 68.96s | Loss: 4.1958 (wH: 4.0633, wZ: 1.3245)
Epoch[4/50] | Train Batch[60/167] | Time (10 batches): 69.04s | Loss: 4.2202 (wH: 4.1312, wZ: 0.8901)
Epoch[4/50] | Train Batch[70/167] | Time (10 batches): 69.00s | Loss: 4.2567 (wH: 4.1694, wZ: 0.8724)
Epoch[4/50] | Train Batch[80/167] | Time (10 batches): 69.01s | Loss: 4.1202 (wH: 4.0477, wZ: 0.7244)
Epoch[4/50] | Train Batch[90/167] | Time (10 batches): 68.99s | Loss: 4.0906 (wH: 3.9846, wZ: 1.0593)
Epoch[4/50] | Train Batch[100/167] | Time (10 batches): 69.02s | Loss: 4.4204 (wH: 4.2988, wZ: 1.2162)
Epoch[4/50] | Train Batch[110/167] | Time (10 batches): 69.04s | Loss: 4.4353 (wH: 4.3123, wZ: 1.2304)
Epoch[4/50] | Train Batch[120/167] | Time (10 batches): 69.02s | Loss: 4.0892 (wH: 4.0058, wZ: 0.8341)
Epoch[4/50] | Train Batch[130/167] | Time (10 batches): 69.01s | Loss: 4.1636 (wH: 4.1210, wZ: 0.4263)
Epoch[4/50] | Train Batch[140/167] | Time (10 batches): 69.04s | Loss: 4.0918 (wH: 4.0301, wZ: 0.6171)
Epoch[4/50] | Train Batch[150/167] | Time (10 batches): 69.02s | Loss: 4.2746 (wH: 4.1104, wZ: 1.6412)
Epoch[4/50] | Train Batch[160/167] | Time (10 batches): 69.03s | Loss: 4.1664 (wH: 4.0905, wZ: 0.7590)
=== Epoch 4 Completed in 1437.3s | Sigma: 11.55 | Alpha: 0.10 ===
Train - wHeatmap: 4.0701 | wZ-Depth: 0.8655
Val   - wHeatmap: 3.9984 | wZ-Depth: 0.7828 ✓[Checkpoint Saved]
➔ PHYSICAL SCRUTINY: Missed CoM by 8.07 internal pixels -> ~48.4 pixels on ACTUAL 384x384 video.

Epoch[5/50] | Train Batch[0/167] | Time (1st batch): 6.93s | Loss: 3.6152 (wH: 3.5488, wZ: 0.6645)
Epoch[5/50] | Train Batch[10/167] | Time (10 batches): 68.98s | Loss: 3.7033 (wH: 3.6382, wZ: 0.6508)
Epoch[5/50] | Train Batch[20/167] | Time (10 batches): 69.01s | Loss: 3.7550 (wH: 3.6973, wZ: 0.5771)
Epoch[5/50] | Train Batch[30/167] | Time (10 batches): 69.00s | Loss: 3.7236 (wH: 3.6583, wZ: 0.6528)
Epoch[5/50] | Train Batch[40/167] | Time (10 batches): 68.99s | Loss: 3.8246 (wH: 3.7339, wZ: 0.9069)
Epoch[5/50] | Train Batch[50/167] | Time (10 batches): 68.98s | Loss: 3.7406 (wH: 3.6485, wZ: 0.9211)
Epoch[5/50] | Train Batch[60/167] | Time (10 batches): 69.04s | Loss: 3.5090 (wH: 3.4407, wZ: 0.6822)
Epoch[5/50] | Train Batch[70/167] | Time (10 batches): 69.00s | Loss: 3.6186 (wH: 3.5437, wZ: 0.7493)
Epoch[5/50] | Train Batch[80/167] | Time (10 batches): 68.98s | Loss: 3.6356 (wH: 3.5261, wZ: 1.0946)
Epoch[5/50] | Train Batch[90/167] | Time (10 batches): 68.98s | Loss: 3.7036 (wH: 3.6438, wZ: 0.5977)
Epoch[5/50] | Train Batch[100/167] | Time (10 batches): 68.98s | Loss: 3.8102 (wH: 3.7415, wZ: 0.6867)
Epoch[5/50] | Train Batch[110/167] | Time (10 batches): 69.01s | Loss: 3.5509 (wH: 3.5036, wZ: 0.4725)
Epoch[5/50] | Train Batch[120/167] | Time (10 batches): 68.99s | Loss: 3.6085 (wH: 3.5183, wZ: 0.9022)
Epoch[5/50] | Train Batch[130/167] | Time (10 batches): 69.02s | Loss: 3.4913 (wH: 3.4163, wZ: 0.7509)
Epoch[5/50] | Train Batch[140/167] | Time (10 batches): 68.98s | Loss: 3.7576 (wH: 3.6849, wZ: 0.7278)
Epoch[5/50] | Train Batch[150/167] | Time (10 batches): 69.01s | Loss: 3.5716 (wH: 3.5183, wZ: 0.5329)
Epoch[5/50] | Train Batch[160/167] | Time (10 batches): 69.00s | Loss: 3.5540 (wH: 3.5093, wZ: 0.4464)
=== Epoch 5 Completed in 1437.0s | Sigma: 11.23 | Alpha: 0.13 ===
Train - wHeatmap: 3.5657 | wZ-Depth: 0.7922
Val   - wHeatmap: 3.5127 | wZ-Depth: 0.7267 ✓[Checkpoint Saved]
➔ PHYSICAL SCRUTINY: Missed CoM by 7.63 internal pixels -> ~45.8 pixels on ACTUAL 384x384 video.

Epoch[6/50] | Train Batch[0/167] | Time (1st batch): 6.93s | Loss: 3.2845 (wH: 3.2105, wZ: 0.7396)
Epoch[6/50] | Train Batch[10/167] | Time (10 batches): 68.99s | Loss: 3.3263 (wH: 3.2392, wZ: 0.8711)
Epoch[6/50] | Train Batch[20/167] | Time (10 batches): 69.09s | Loss: 3.3221 (wH: 3.2105, wZ: 1.1163)
Epoch[6/50] | Train Batch[30/167] | Time (10 batches): 68.99s | Loss: 3.0417 (wH: 3.0100, wZ: 0.3172)
Epoch[6/50] | Train Batch[40/167] | Time (10 batches): 68.97s | Loss: 3.2947 (wH: 3.2321, wZ: 0.6264)
Epoch[6/50] | Train Batch[50/167] | Time (10 batches): 68.97s | Loss: 3.4679 (wH: 3.3647, wZ: 1.0318)
Epoch[6/50] | Train Batch[60/167] | Time (10 batches): 68.98s | Loss: 3.3855 (wH: 3.3463, wZ: 0.3920)
Epoch[6/50] | Train Batch[70/167] | Time (10 batches): 69.01s | Loss: 3.1910 (wH: 3.0868, wZ: 1.0421)
Epoch[6/50] | Train Batch[80/167] | Time (10 batches): 69.02s | Loss: 3.1850 (wH: 3.1288, wZ: 0.5622)
Epoch[6/50] | Train Batch[90/167] | Time (10 batches): 69.03s | Loss: 3.3944 (wH: 3.3295, wZ: 0.6491)
Epoch[6/50] | Train Batch[100/167] | Time (10 batches): 69.02s | Loss: 3.4657 (wH: 3.4215, wZ: 0.4424)
Epoch[6/50] | Train Batch[110/167] | Time (10 batches): 69.02s | Loss: 3.2753 (wH: 3.1819, wZ: 0.9340)
Epoch[6/50] | Train Batch[120/167] | Time (10 batches): 69.03s | Loss: 3.3146 (wH: 3.2510, wZ: 0.6364)
Epoch[6/50] | Train Batch[130/167] | Time (10 batches): 69.00s | Loss: 3.1966 (wH: 3.1425, wZ: 0.5414)
Epoch[6/50] | Train Batch[140/167] | Time (10 batches): 68.97s | Loss: 3.1427 (wH: 3.0996, wZ: 0.4319)
Epoch[6/50] | Train Batch[150/167] | Time (10 batches): 69.01s | Loss: 3.3006 (wH: 3.2122, wZ: 0.8843)
Epoch[6/50] | Train Batch[160/167] | Time (10 batches): 68.97s | Loss: 3.1989 (wH: 3.1503, wZ: 0.4860)
=== Epoch 6 Completed in 1437.2s | Sigma: 10.92 | Alpha: 0.17 ===
Train - wHeatmap: 3.1913 | wZ-Depth: 0.6848
Val   - wHeatmap: 3.1619 | wZ-Depth: 0.6465 ✓[Checkpoint Saved]
➔ PHYSICAL SCRUTINY: Missed CoM by 7.51 internal pixels -> ~45.0 pixels on ACTUAL 384x384 video.

Epoch[7/50] | Train Batch[0/167] | Time (1st batch): 6.94s | Loss: 3.0474 (wH: 3.0018, wZ: 0.4555)
Epoch[7/50] | Train Batch[10/167] | Time (10 batches): 68.99s | Loss: 2.8985 (wH: 2.8424, wZ: 0.5609)
Epoch[7/50] | Train Batch[20/167] | Time (10 batches): 69.00s | Loss: 2.9211 (wH: 2.8820, wZ: 0.3914)
Epoch[7/50] | Train Batch[30/167] | Time (10 batches): 69.01s | Loss: 2.8146 (wH: 2.7227, wZ: 0.9195)
Epoch[7/50] | Train Batch[40/167] | Time (10 batches): 69.04s | Loss: 2.9211 (wH: 2.8314, wZ: 0.8966)
Epoch[7/50] | Train Batch[50/167] | Time (10 batches): 69.05s | Loss: 2.9479 (wH: 2.9082, wZ: 0.3972)
Epoch[7/50] | Train Batch[60/167] | Time (10 batches): 69.04s | Loss: 2.9610 (wH: 2.9171, wZ: 0.4388)
Epoch[7/50] | Train Batch[70/167] | Time (10 batches): 69.03s | Loss: 3.0812 (wH: 2.9892, wZ: 0.9197)
Epoch[7/50] | Train Batch[80/167] | Time (10 batches): 69.01s | Loss: 2.8803 (wH: 2.8297, wZ: 0.5065)
Epoch[7/50] | Train Batch[90/167] | Time (10 batches): 69.06s | Loss: 3.0210 (wH: 2.9154, wZ: 1.0558)
Epoch[7/50] | Train Batch[100/167] | Time (10 batches): 69.05s | Loss: 3.0398 (wH: 2.9514, wZ: 0.8836)
Epoch[7/50] | Train Batch[110/167] | Time (10 batches): 69.01s | Loss: 2.8789 (wH: 2.8123, wZ: 0.6663)
Epoch[7/50] | Train Batch[120/167] | Time (10 batches): 69.04s | Loss: 3.1618 (wH: 3.0941, wZ: 0.6769)
Epoch[7/50] | Train Batch[130/167] | Time (10 batches): 69.02s | Loss: 3.0694 (wH: 2.9591, wZ: 1.1029)
Epoch[7/50] | Train Batch[140/167] | Time (10 batches): 69.00s | Loss: 2.8613 (wH: 2.7726, wZ: 0.8865)
Epoch[7/50] | Train Batch[150/167] | Time (10 batches): 69.03s | Loss: 3.0214 (wH: 2.9332, wZ: 0.8812)
Epoch[7/50] | Train Batch[160/167] | Time (10 batches): 68.99s | Loss: 3.1077 (wH: 3.0192, wZ: 0.8841)
=== Epoch 7 Completed in 1437.6s | Sigma: 10.60 | Alpha: 0.20 ===
Train - wHeatmap: 2.8909 | wZ-Depth: 0.7007
Val   - wHeatmap: 2.8801 | wZ-Depth: 0.7149 ✓[Checkpoint Saved]
➔ PHYSICAL SCRUTINY: Missed CoM by 7.65 internal pixels -> ~45.9 pixels on ACTUAL 384x384 video.

Epoch[8/50] | Train Batch[0/167] | Time (1st batch): 6.94s | Loss: 2.7685 (wH: 2.7046, wZ: 0.6392)
Epoch[8/50] | Train Batch[10/167] | Time (10 batches): 69.02s | Loss: 2.6058 (wH: 2.5601, wZ: 0.4570)
Epoch[8/50] | Train Batch[20/167] | Time (10 batches): 69.01s | Loss: 2.8068 (wH: 2.7572, wZ: 0.4958)
Epoch[8/50] | Train Batch[30/167] | Time (10 batches): 68.99s | Loss: 2.6228 (wH: 2.5726, wZ: 0.5023)
Epoch[8/50] | Train Batch[40/167] | Time (10 batches): 69.02s | Loss: 2.7036 (wH: 2.6504, wZ: 0.5322)
Epoch[8/50] | Train Batch[50/167] | Time (10 batches): 68.99s | Loss: 2.6768 (wH: 2.5878, wZ: 0.8900)
Epoch[8/50] | Train Batch[60/167] | Time (10 batches): 69.03s | Loss: 2.7139 (wH: 2.6351, wZ: 0.7884)
Epoch[8/50] | Train Batch[70/167] | Time (10 batches): 69.10s | Loss: 2.6380 (wH: 2.5343, wZ: 1.0371)
Epoch[8/50] | Train Batch[80/167] | Time (10 batches): 68.98s | Loss: 2.6141 (wH: 2.5416, wZ: 0.7252)
Epoch[8/50] | Train Batch[90/167] | Time (10 batches): 69.01s | Loss: 2.5715 (wH: 2.5096, wZ: 0.6189)
Epoch[8/50] | Train Batch[100/167] | Time (10 batches): 69.01s | Loss: 2.6066 (wH: 2.5571, wZ: 0.4949)
Epoch[8/50] | Train Batch[110/167] | Time (10 batches): 69.01s | Loss: 2.8422 (wH: 2.7621, wZ: 0.8005)
Epoch[8/50] | Train Batch[120/167] | Time (10 batches): 68.99s | Loss: 2.7209 (wH: 2.6286, wZ: 0.9236)
Epoch[8/50] | Train Batch[130/167] | Time (10 batches): 68.96s | Loss: 2.7982 (wH: 2.7664, wZ: 0.3178)
Epoch[8/50] | Train Batch[140/167] | Time (10 batches): 68.97s | Loss: 2.6814 (wH: 2.6481, wZ: 0.3336)
Epoch[8/50] | Train Batch[150/167] | Time (10 batches): 68.95s | Loss: 2.7142 (wH: 2.6558, wZ: 0.5837)
Epoch[8/50] | Train Batch[160/167] | Time (10 batches): 69.02s | Loss: 2.7844 (wH: 2.7338, wZ: 0.5062)
=== Epoch 8 Completed in 1437.2s | Sigma: 10.28 | Alpha: 0.23 ===
Train - wHeatmap: 2.6363 | wZ-Depth: 0.5929
Val   - wHeatmap: 2.6644 | wZ-Depth: 0.5529 ✓[Checkpoint Saved]
➔ PHYSICAL SCRUTINY: Missed CoM by 8.00 internal pixels -> ~48.0 pixels on ACTUAL 384x384 video.

Epoch[9/50] | Train Batch[0/167] | Time (1st batch): 6.93s | Loss: 2.3729 (wH: 2.3212, wZ: 0.5165)
Epoch[9/50] | Train Batch[10/167] | Time (10 batches): 68.99s | Loss: 2.5081 (wH: 2.4105, wZ: 0.9762)
Epoch[9/50] | Train Batch[20/167] | Time (10 batches): 69.00s | Loss: 2.5982 (wH: 2.4934, wZ: 1.0489)
Epoch[9/50] | Train Batch[30/167] | Time (10 batches): 69.00s | Loss: 2.2770 (wH: 2.2283, wZ: 0.4873)
Epoch[9/50] | Train Batch[40/167] | Time (10 batches): 69.00s | Loss: 2.5606 (wH: 2.4641, wZ: 0.9648)
Epoch[9/50] | Train Batch[50/167] | Time (10 batches): 68.91s | Loss: 2.3454 (wH: 2.3091, wZ: 0.3634)
Epoch[9/50] | Train Batch[60/167] | Time (10 batches): 68.94s | Loss: 2.7261 (wH: 2.6873, wZ: 0.3876)
Epoch[9/50] | Train Batch[70/167] | Time (10 batches): 68.93s | Loss: 2.4079 (wH: 2.3406, wZ: 0.6736)
Epoch[9/50] | Train Batch[80/167] | Time (10 batches): 68.96s | Loss: 2.5169 (wH: 2.4415, wZ: 0.7537)
Epoch[9/50] | Train Batch[90/167] | Time (10 batches): 68.98s | Loss: 2.5494 (wH: 2.5169, wZ: 0.3253)
Epoch[9/50] | Train Batch[100/167] | Time (10 batches): 68.94s | Loss: 2.5562 (wH: 2.4411, wZ: 1.1502)
Epoch[9/50] | Train Batch[110/167] | Time (10 batches): 68.98s | Loss: 2.4203 (wH: 2.3325, wZ: 0.8774)
Epoch[9/50] | Train Batch[120/167] | Time (10 batches): 69.01s | Loss: 2.6126 (wH: 2.5585, wZ: 0.5413)
Epoch[9/50] | Train Batch[130/167] | Time (10 batches): 69.02s | Loss: 2.4383 (wH: 2.4055, wZ: 0.3276)
Epoch[9/50] | Train Batch[140/167] | Time (10 batches): 69.00s | Loss: 2.6752 (wH: 2.6173, wZ: 0.5792)
Epoch[9/50] | Train Batch[150/167] | Time (10 batches): 68.96s | Loss: 2.6113 (wH: 2.5517, wZ: 0.5967)
Epoch[9/50] | Train Batch[160/167] | Time (10 batches): 69.00s | Loss: 2.2965 (wH: 2.2537, wZ: 0.4282)
=== Epoch 9 Completed in 1436.7s | Sigma: 9.97 | Alpha: 0.27 ===
Train - wHeatmap: 2.4176 | wZ-Depth: 0.5817
Val   - wHeatmap: 2.4210 | wZ-Depth: 0.6136 ✓[Checkpoint Saved]
➔ PHYSICAL SCRUTINY: Missed CoM by 7.47 internal pixels -> ~44.8 pixels on ACTUAL 384x384 video.

Epoch[10/50] | Train Batch[0/167] | Time (1st batch): 6.93s | Loss: 2.2663 (wH: 2.2163, wZ: 0.4995)
Epoch[10/50] | Train Batch[10/167] | Time (10 batches): 68.97s | Loss: 2.2715 (wH: 2.1263, wZ: 1.4515)
Epoch[10/50] | Train Batch[20/167] | Time (10 batches): 68.95s | Loss: 2.2747 (wH: 2.2300, wZ: 0.4472)
Epoch[10/50] | Train Batch[30/167] | Time (10 batches): 68.94s | Loss: 2.3041 (wH: 2.2319, wZ: 0.7222)
Epoch[10/50] | Train Batch[40/167] | Time (10 batches): 68.95s | Loss: 2.1845 (wH: 2.1514, wZ: 0.3313)
Epoch[10/50] | Train Batch[50/167] | Time (10 batches): 68.97s | Loss: 2.2823 (wH: 2.2316, wZ: 0.5068)
Epoch[10/50] | Train Batch[60/167] | Time (10 batches): 68.92s | Loss: 2.2010 (wH: 2.1605, wZ: 0.4048)
Epoch[10/50] | Train Batch[70/167] | Time (10 batches): 68.94s | Loss: 2.2597 (wH: 2.1993, wZ: 0.6036)
Epoch[10/50] | Train Batch[80/167] | Time (10 batches): 69.01s | Loss: 2.1811 (wH: 2.1216, wZ: 0.5951)
Epoch[10/50] | Train Batch[90/167] | Time (10 batches): 69.01s | Loss: 2.4251 (wH: 2.3801, wZ: 0.4495)
Epoch[10/50] | Train Batch[100/167] | Time (10 batches): 69.04s | Loss: 2.2247 (wH: 2.1799, wZ: 0.4476)
Epoch[10/50] | Train Batch[110/167] | Time (10 batches): 69.04s | Loss: 2.3542 (wH: 2.2758, wZ: 0.7840)
Epoch[10/50] | Train Batch[120/167] | Time (10 batches): 69.06s | Loss: 2.1645 (wH: 2.1051, wZ: 0.5935)
Epoch[10/50] | Train Batch[130/167] | Time (10 batches): 69.02s | Loss: 2.2991 (wH: 2.2469, wZ: 0.5224)
Epoch[10/50] | Train Batch[140/167] | Time (10 batches): 68.98s | Loss: 2.2738 (wH: 2.1827, wZ: 0.9107)
Epoch[10/50] | Train Batch[150/167] | Time (10 batches): 69.01s | Loss: 2.1527 (wH: 2.1055, wZ: 0.4721)
Epoch[10/50] | Train Batch[160/167] | Time (10 batches): 68.98s | Loss: 2.1352 (wH: 2.0857, wZ: 0.4945)
=== Epoch 10 Completed in 1437.0s | Sigma: 9.65 | Alpha: 0.30 ===
Train - wHeatmap: 2.2164 | wZ-Depth: 0.5210
Val   - wHeatmap: 2.2229 | wZ-Depth: 0.5511 ✓[Checkpoint Saved]
➔ PHYSICAL SCRUTINY: Missed CoM by 7.46 internal pixels -> ~44.8 pixels on ACTUAL 384x384 video.

Epoch[11/50] | Train Batch[0/167] | Time (1st batch): 6.94s | Loss: 2.2344 (wH: 2.1433, wZ: 0.9117)
Epoch[11/50] | Train Batch[10/167] | Time (10 batches): 68.98s | Loss: 2.0989 (wH: 2.0608, wZ: 0.3818)
Epoch[11/50] | Train Batch[20/167] | Time (10 batches): 68.98s | Loss: 2.2420 (wH: 2.1825, wZ: 0.5956)
Epoch[11/50] | Train Batch[30/167] | Time (10 batches): 68.98s | Loss: 2.1162 (wH: 2.0562, wZ: 0.5995)
Epoch[11/50] | Train Batch[40/167] | Time (10 batches): 69.01s | Loss: 2.0097 (wH: 1.9578, wZ: 0.5192)
Epoch[11/50] | Train Batch[50/167] | Time (10 batches): 69.02s | Loss: 2.0537 (wH: 2.0229, wZ: 0.3081)
Epoch[11/50] | Train Batch[60/167] | Time (10 batches): 69.01s | Loss: 2.1350 (wH: 2.0950, wZ: 0.4004)
Epoch[11/50] | Train Batch[70/167] | Time (10 batches): 69.00s | Loss: 2.1767 (wH: 2.1324, wZ: 0.4432)
Epoch[11/50] | Train Batch[80/167] | Time (10 batches): 69.03s | Loss: 1.9470 (wH: 1.8913, wZ: 0.5578)
Epoch[11/50] | Train Batch[90/167] | Time (10 batches): 69.04s | Loss: 2.1802 (wH: 2.1331, wZ: 0.4710)
Epoch[11/50] | Train Batch[100/167] | Time (10 batches): 69.01s | Loss: 1.9911 (wH: 1.9347, wZ: 0.5638)
Epoch[11/50] | Train Batch[110/167] | Time (10 batches): 68.96s | Loss: 2.0411 (wH: 1.9841, wZ: 0.5705)
Epoch[11/50] | Train Batch[120/167] | Time (10 batches): 68.98s | Loss: 2.1309 (wH: 2.0797, wZ: 0.5116)
Epoch[11/50] | Train Batch[130/167] | Time (10 batches): 68.96s | Loss: 2.1902 (wH: 2.1383, wZ: 0.5186)
Epoch[11/50] | Train Batch[140/167] | Time (10 batches): 69.00s | Loss: 2.0666 (wH: 2.0380, wZ: 0.2866)
Epoch[11/50] | Train Batch[150/167] | Time (10 batches): 69.02s | Loss: 2.0155 (wH: 1.9711, wZ: 0.4443)
Epoch[11/50] | Train Batch[160/167] | Time (10 batches): 69.02s | Loss: 2.0635 (wH: 2.0211, wZ: 0.4237)
=== Epoch 11 Completed in 1437.1s | Sigma: 9.33 | Alpha: 0.33 ===
Train - wHeatmap: 2.0369 | wZ-Depth: 0.4847
Val   - wHeatmap: 2.0579 | wZ-Depth: 0.4971 ✓[Checkpoint Saved]
➔ PHYSICAL SCRUTINY: Missed CoM by 7.58 internal pixels -> ~45.5 pixels on ACTUAL 384x384 video.

Epoch[12/50] | Train Batch[0/167] | Time (1st batch): 6.93s | Loss: 1.9269 (wH: 1.8585, wZ: 0.6835)
Epoch[12/50] | Train Batch[10/167] | Time (10 batches): 68.96s | Loss: 1.9773 (wH: 1.8793, wZ: 0.9800)
Epoch[12/50] | Train Batch[20/167] | Time (10 batches): 69.03s | Loss: 2.0116 (wH: 1.9783, wZ: 0.3335)
Epoch[12/50] | Train Batch[30/167] | Time (10 batches): 69.02s | Loss: 1.8964 (wH: 1.8595, wZ: 0.3696)
Epoch[12/50] | Train Batch[40/167] | Time (10 batches): 69.01s | Loss: 1.8980 (wH: 1.8626, wZ: 0.3547)
Epoch[12/50] | Train Batch[50/167] | Time (10 batches): 68.98s | Loss: 1.9754 (wH: 1.9343, wZ: 0.4105)
Epoch[12/50] | Train Batch[60/167] | Time (10 batches): 69.02s | Loss: 1.9354 (wH: 1.8703, wZ: 0.6513)
Epoch[12/50] | Train Batch[70/167] | Time (10 batches): 68.99s | Loss: 1.8934 (wH: 1.8243, wZ: 0.6907)
Epoch[12/50] | Train Batch[80/167] | Time (10 batches): 69.00s | Loss: 1.9590 (wH: 1.9078, wZ: 0.5125)
Epoch[12/50] | Train Batch[90/167] | Time (10 batches): 68.98s | Loss: 1.8969 (wH: 1.8678, wZ: 0.2904)
Epoch[12/50] | Train Batch[100/167] | Time (10 batches): 68.97s | Loss: 2.1203 (wH: 2.0825, wZ: 0.3784)
Epoch[12/50] | Train Batch[110/167] | Time (10 batches): 68.96s | Loss: 1.7728 (wH: 1.7283, wZ: 0.4455)
Epoch[12/50] | Train Batch[120/167] | Time (10 batches): 68.99s | Loss: 1.8506 (wH: 1.8173, wZ: 0.3327)
Epoch[12/50] | Train Batch[130/167] | Time (10 batches): 68.95s | Loss: 1.8336 (wH: 1.8122, wZ: 0.2142)
Epoch[12/50] | Train Batch[140/167] | Time (10 batches): 68.95s | Loss: 1.8108 (wH: 1.7585, wZ: 0.5227)
Epoch[12/50] | Train Batch[150/167] | Time (10 batches): 68.97s | Loss: 1.8967 (wH: 1.8286, wZ: 0.6802)
Epoch[12/50] | Train Batch[160/167] | Time (10 batches): 68.95s | Loss: 2.0107 (wH: 1.9578, wZ: 0.5283)
=== Epoch 12 Completed in 1436.8s | Sigma: 9.02 | Alpha: 0.37 ===
Train - wHeatmap: 1.8763 | wZ-Depth: 0.4529
Val   - wHeatmap: 1.8954 | wZ-Depth: 0.5890 ✓[Checkpoint Saved]
➔ PHYSICAL SCRUTINY: Missed CoM by 7.38 internal pixels -> ~44.3 pixels on ACTUAL 384x384 video.

Epoch[13/50] | Train Batch[0/167] | Time (1st batch): 6.93s | Loss: 1.9240 (wH: 1.8357, wZ: 0.8835)
Epoch[13/50] | Train Batch[10/167] | Time (10 batches): 69.00s | Loss: 1.9832 (wH: 1.9229, wZ: 0.6025)
Epoch[13/50] | Train Batch[20/167] | Time (10 batches): 69.01s | Loss: 1.8038 (wH: 1.7435, wZ: 0.6024)
Epoch[13/50] | Train Batch[30/167] | Time (10 batches): 68.93s | Loss: 1.7864 (wH: 1.7436, wZ: 0.4282)
Epoch[13/50] | Train Batch[40/167] | Time (10 batches): 68.96s | Loss: 1.8654 (wH: 1.8088, wZ: 0.5652)
Epoch[13/50] | Train Batch[50/167] | Time (10 batches): 68.95s | Loss: 1.6897 (wH: 1.6590, wZ: 0.3062)
Epoch[13/50] | Train Batch[60/167] | Time (10 batches): 68.96s | Loss: 1.7263 (wH: 1.6908, wZ: 0.3549)
Epoch[13/50] | Train Batch[70/167] | Time (10 batches): 68.98s | Loss: 1.9459 (wH: 1.9200, wZ: 0.2584)
Epoch[13/50] | Train Batch[80/167] | Time (10 batches): 68.98s | Loss: 1.6797 (wH: 1.6344, wZ: 0.4535)
Epoch[13/50] | Train Batch[90/167] | Time (10 batches): 69.03s | Loss: 1.7235 (wH: 1.6857, wZ: 0.3780)
Epoch[13/50] | Train Batch[100/167] | Time (10 batches): 69.02s | Loss: 1.7471 (wH: 1.7105, wZ: 0.3662)
Epoch[13/50] | Train Batch[110/167] | Time (10 batches): 69.03s | Loss: 1.7075 (wH: 1.6737, wZ: 0.3379)
Epoch[13/50] | Train Batch[120/167] | Time (10 batches): 68.99s | Loss: 1.8427 (wH: 1.7791, wZ: 0.6355)
Epoch[13/50] | Train Batch[130/167] | Time (10 batches): 68.99s | Loss: 1.8343 (wH: 1.7929, wZ: 0.4145)
Epoch[13/50] | Train Batch[140/167] | Time (10 batches): 68.98s | Loss: 1.7883 (wH: 1.7605, wZ: 0.2789)
Epoch[13/50] | Train Batch[150/167] | Time (10 batches): 68.95s | Loss: 1.7817 (wH: 1.7259, wZ: 0.5574)
Epoch[13/50] | Train Batch[160/167] | Time (10 batches): 69.02s | Loss: 1.8807 (wH: 1.8524, wZ: 0.2832)
=== Epoch 13 Completed in 1437.0s | Sigma: 8.70 | Alpha: 0.40 ===
Train - wHeatmap: 1.7261 | wZ-Depth: 0.4327
Val   - wHeatmap: 1.7530 | wZ-Depth: 0.4853 ✓[Checkpoint Saved]
➔ PHYSICAL SCRUTINY: Missed CoM by 7.36 internal pixels -> ~44.1 pixels on ACTUAL 384x384 video.

Epoch[14/50] | Train Batch[0/167] | Time (1st batch): 6.93s | Loss: 1.5185 (wH: 1.4944, wZ: 0.2403)
Epoch[14/50] | Train Batch[10/167] | Time (10 batches): 68.99s | Loss: 1.5531 (wH: 1.5300, wZ: 0.2318)
Epoch[14/50] | Train Batch[20/167] | Time (10 batches): 69.05s | Loss: 1.7413 (wH: 1.6952, wZ: 0.4604)
Epoch[14/50] | Train Batch[30/167] | Time (10 batches): 69.05s | Loss: 1.6912 (wH: 1.6491, wZ: 0.4212)
Epoch[14/50] | Train Batch[40/167] | Time (10 batches): 69.03s | Loss: 1.5337 (wH: 1.4947, wZ: 0.3902)
Epoch[14/50] | Train Batch[50/167] | Time (10 batches): 69.04s | Loss: 1.8439 (wH: 1.7917, wZ: 0.5225)
Epoch[14/50] | Train Batch[60/167] | Time (10 batches): 69.04s | Loss: 1.5988 (wH: 1.5415, wZ: 0.5728)
Epoch[14/50] | Train Batch[70/167] | Time (10 batches): 69.02s | Loss: 1.5569 (wH: 1.5106, wZ: 0.4630)
Epoch[14/50] | Train Batch[80/167] | Time (10 batches): 69.01s | Loss: 1.4461 (wH: 1.4014, wZ: 0.4470)
Epoch[14/50] | Train Batch[90/167] | Time (10 batches): 69.01s | Loss: 1.6193 (wH: 1.5901, wZ: 0.2922)
Epoch[14/50] | Train Batch[100/167] | Time (10 batches): 69.00s | Loss: 1.5433 (wH: 1.5187, wZ: 0.2460)
Epoch[14/50] | Train Batch[110/167] | Time (10 batches): 69.02s | Loss: 1.5456 (wH: 1.5127, wZ: 0.3293)
Epoch[14/50] | Train Batch[120/167] | Time (10 batches): 69.03s | Loss: 1.6742 (wH: 1.6152, wZ: 0.5896)
Epoch[14/50] | Train Batch[130/167] | Time (10 batches): 69.08s | Loss: 1.6740 (wH: 1.6476, wZ: 0.2644)
Epoch[14/50] | Train Batch[140/167] | Time (10 batches): 69.06s | Loss: 1.6514 (wH: 1.6041, wZ: 0.4730)
Epoch[14/50] | Train Batch[150/167] | Time (10 batches): 69.07s | Loss: 1.5855 (wH: 1.5272, wZ: 0.5830)
Epoch[14/50] | Train Batch[160/167] | Time (10 batches): 69.05s | Loss: 1.5688 (wH: 1.5239, wZ: 0.4495)
=== Epoch 14 Completed in 1437.8s | Sigma: 8.38 | Alpha: 0.43 ===
Train - wHeatmap: 1.5854 | wZ-Depth: 0.4186
Val   - wHeatmap: 1.6191 | wZ-Depth: 0.4818 ✓[Checkpoint Saved]
➔ PHYSICAL SCRUTINY: Missed CoM by 7.37 internal pixels -> ~44.2 pixels on ACTUAL 384x384 video.

Epoch[15/50] | Train Batch[0/167] | Time (1st batch): 6.94s | Loss: 1.5432 (wH: 1.4964, wZ: 0.4676)
Epoch[15/50] | Train Batch[10/167] | Time (10 batches): 69.02s | Loss: 1.4698 (wH: 1.4365, wZ: 0.3333)
Epoch[15/50] | Train Batch[20/167] | Time (10 batches): 68.99s | Loss: 1.5530 (wH: 1.5068, wZ: 0.4628)
Epoch[15/50] | Train Batch[30/167] | Time (10 batches): 69.01s | Loss: 1.4495 (wH: 1.4149, wZ: 0.3456)
Epoch[15/50] | Train Batch[40/167] | Time (10 batches): 69.03s | Loss: 1.5424 (wH: 1.4948, wZ: 0.4761)
Epoch[15/50] | Train Batch[50/167] | Time (10 batches): 69.02s | Loss: 1.4999 (wH: 1.4359, wZ: 0.6399)
Epoch[15/50] | Train Batch[60/167] | Time (10 batches): 68.99s | Loss: 1.3807 (wH: 1.3446, wZ: 0.3605)
Epoch[15/50] | Train Batch[70/167] | Time (10 batches): 68.98s | Loss: 1.4542 (wH: 1.4336, wZ: 0.2063)
Epoch[15/50] | Train Batch[80/167] | Time (10 batches): 69.01s | Loss: 1.5634 (wH: 1.5394, wZ: 0.2397)
Epoch[15/50] | Train Batch[90/167] | Time (10 batches): 69.00s | Loss: 1.4388 (wH: 1.3892, wZ: 0.4965)
Epoch[15/50] | Train Batch[100/167] | Time (10 batches): 69.01s | Loss: 1.5150 (wH: 1.4812, wZ: 0.3375)
Epoch[15/50] | Train Batch[110/167] | Time (10 batches): 69.01s | Loss: 1.5154 (wH: 1.4716, wZ: 0.4374)
Epoch[15/50] | Train Batch[120/167] | Time (10 batches): 69.02s | Loss: 1.5237 (wH: 1.4967, wZ: 0.2701)
Epoch[15/50] | Train Batch[130/167] | Time (10 batches): 69.03s | Loss: 1.3666 (wH: 1.3298, wZ: 0.3678)
Epoch[15/50] | Train Batch[140/167] | Time (10 batches): 68.99s | Loss: 1.5172 (wH: 1.4934, wZ: 0.2377)
Epoch[15/50] | Train Batch[150/167] | Time (10 batches): 69.02s | Loss: 1.4558 (wH: 1.4287, wZ: 0.2715)
Epoch[15/50] | Train Batch[160/167] | Time (10 batches): 69.02s | Loss: 1.4905 (wH: 1.4552, wZ: 0.3526)
=== Epoch 15 Completed in 1437.5s | Sigma: 8.07 | Alpha: 0.47 ===
Train - wHeatmap: 1.4586 | wZ-Depth: 0.3947
Val   - wHeatmap: 1.4942 | wZ-Depth: 0.6601 ✓[Checkpoint Saved]
➔ PHYSICAL SCRUTINY: Missed CoM by 7.36 internal pixels -> ~44.1 pixels on ACTUAL 384x384 video.

Epoch[16/50] | Train Batch[0/167] | Time (1st batch): 6.94s | Loss: 1.4411 (wH: 1.3795, wZ: 0.6161)
Epoch[16/50] | Train Batch[10/167] | Time (10 batches): 69.06s | Loss: 1.3060 (wH: 1.2735, wZ: 0.3249)
Epoch[16/50] | Train Batch[20/167] | Time (10 batches): 69.05s | Loss: 1.3347 (wH: 1.2856, wZ: 0.4907)
Epoch[16/50] | Train Batch[30/167] | Time (10 batches): 69.03s | Loss: 1.3102 (wH: 1.2714, wZ: 0.3890)
Epoch[16/50] | Train Batch[40/167] | Time (10 batches): 69.01s | Loss: 1.4614 (wH: 1.4223, wZ: 0.3910)
Epoch[16/50] | Train Batch[50/167] | Time (10 batches): 69.03s | Loss: 1.2637 (wH: 1.2352, wZ: 0.2843)
Epoch[16/50] | Train Batch[60/167] | Time (10 batches): 69.01s | Loss: 1.2780 (wH: 1.2476, wZ: 0.3041)
Epoch[16/50] | Train Batch[70/167] | Time (10 batches): 69.04s | Loss: 1.3206 (wH: 1.2951, wZ: 0.2546)
Epoch[16/50] | Train Batch[80/167] | Time (10 batches): 69.05s | Loss: 1.2350 (wH: 1.2040, wZ: 0.3102)
Epoch[16/50] | Train Batch[90/167] | Time (10 batches): 69.07s | Loss: 1.2994 (wH: 1.2636, wZ: 0.3575)
Epoch[16/50] | Train Batch[100/167] | Time (10 batches): 69.07s | Loss: 1.3334 (wH: 1.2807, wZ: 0.5275)
Epoch[16/50] | Train Batch[110/167] | Time (10 batches): 69.04s | Loss: 1.3725 (wH: 1.3437, wZ: 0.2879)
Epoch[16/50] | Train Batch[120/167] | Time (10 batches): 69.04s | Loss: 1.3154 (wH: 1.2847, wZ: 0.3067)
Epoch[16/50] | Train Batch[130/167] | Time (10 batches): 69.06s | Loss: 1.4452 (wH: 1.4046, wZ: 0.4066)
Epoch[16/50] | Train Batch[140/167] | Time (10 batches): 69.00s | Loss: 1.4647 (wH: 1.4440, wZ: 0.2067)
Epoch[16/50] | Train Batch[150/167] | Time (10 batches): 69.02s | Loss: 1.3659 (wH: 1.3332, wZ: 0.3269)
Epoch[16/50] | Train Batch[160/167] | Time (10 batches): 68.92s | Loss: 1.4378 (wH: 1.4080, wZ: 0.2978)
=== Epoch 16 Completed in 1437.5s | Sigma: 7.75 | Alpha: 0.50 ===
Train - wHeatmap: 1.3366 | wZ-Depth: 0.3756
Val   - wHeatmap: 1.3891 | wZ-Depth: 0.5006 ✓[Checkpoint Saved]
➔ PHYSICAL SCRUTINY: Missed CoM by 7.42 internal pixels -> ~44.5 pixels on ACTUAL 384x384 video.

Epoch[17/50] | Train Batch[0/167] | Time (1st batch): 6.93s | Loss: 1.3465 (wH: 1.3064, wZ: 0.4014)
Epoch[17/50] | Train Batch[10/167] | Time (10 batches): 68.98s | Loss: 1.2231 (wH: 1.1901, wZ: 0.3299)
Epoch[17/50] | Train Batch[20/167] | Time (10 batches): 68.99s | Loss: 1.2981 (wH: 1.2745, wZ: 0.2363)
Epoch[17/50] | Train Batch[30/167] | Time (10 batches): 68.99s | Loss: 1.2620 (wH: 1.2321, wZ: 0.2991)
Epoch[17/50] | Train Batch[40/167] | Time (10 batches): 69.01s | Loss: 1.2505 (wH: 1.2163, wZ: 0.3419)
Epoch[17/50] | Train Batch[50/167] | Time (10 batches): 69.03s | Loss: 1.2860 (wH: 1.2511, wZ: 0.3493)
Epoch[17/50] | Train Batch[60/167] | Time (10 batches): 69.00s | Loss: 1.1983 (wH: 1.1494, wZ: 0.4881)
Epoch[17/50] | Train Batch[70/167] | Time (10 batches): 69.00s | Loss: 1.2240 (wH: 1.2076, wZ: 0.1635)
Epoch[17/50] | Train Batch[80/167] | Time (10 batches): 68.97s | Loss: 1.2764 (wH: 1.2398, wZ: 0.3664)
Epoch[17/50] | Train Batch[90/167] | Time (10 batches): 69.01s | Loss: 1.2552 (wH: 1.2353, wZ: 0.1990)
Epoch[17/50] | Train Batch[100/167] | Time (10 batches): 69.00s | Loss: 1.1669 (wH: 1.1233, wZ: 0.4365)
Epoch[17/50] | Train Batch[110/167] | Time (10 batches): 68.96s | Loss: 1.2421 (wH: 1.2137, wZ: 0.2836)
Epoch[17/50] | Train Batch[120/167] | Time (10 batches): 68.98s | Loss: 1.3372 (wH: 1.3052, wZ: 0.3196)
Epoch[17/50] | Train Batch[130/167] | Time (10 batches): 69.01s | Loss: 1.2987 (wH: 1.2602, wZ: 0.3853)
Epoch[17/50] | Train Batch[140/167] | Time (10 batches): 69.00s | Loss: 1.1840 (wH: 1.1351, wZ: 0.4889)
Epoch[17/50] | Train Batch[150/167] | Time (10 batches): 69.03s | Loss: 1.2696 (wH: 1.2430, wZ: 0.2663)
Epoch[17/50] | Train Batch[160/167] | Time (10 batches): 68.99s | Loss: 1.1245 (wH: 1.0963, wZ: 0.2813)
=== Epoch 17 Completed in 1437.1s | Sigma: 7.43 | Alpha: 0.53 ===
Train - wHeatmap: 1.2241 | wZ-Depth: 0.3352
Val   - wHeatmap: 1.2691 | wZ-Depth: 0.4975 ✓[Checkpoint Saved]
➔ PHYSICAL SCRUTINY: Missed CoM by 7.20 internal pixels -> ~43.2 pixels on ACTUAL 384x384 video.

Epoch[18/50] | Train Batch[0/167] | Time (1st batch): 6.93s | Loss: 1.2270 (wH: 1.1928, wZ: 0.3413)
Epoch[18/50] | Train Batch[10/167] | Time (10 batches): 68.95s | Loss: 1.2073 (wH: 1.1707, wZ: 0.3659)
Epoch[18/50] | Train Batch[20/167] | Time (10 batches): 68.96s | Loss: 1.1939 (wH: 1.1527, wZ: 0.4117)
Epoch[18/50] | Train Batch[30/167] | Time (10 batches): 68.97s | Loss: 1.1102 (wH: 1.0897, wZ: 0.2049)
Epoch[18/50] | Train Batch[40/167] | Time (10 batches): 68.95s | Loss: 1.1281 (wH: 1.0944, wZ: 0.3369)
Epoch[18/50] | Train Batch[50/167] | Time (10 batches): 68.98s | Loss: 1.2243 (wH: 1.2011, wZ: 0.2316)
Epoch[18/50] | Train Batch[60/167] | Time (10 batches): 68.99s | Loss: 1.0703 (wH: 1.0535, wZ: 0.1674)
Epoch[18/50] | Train Batch[70/167] | Time (10 batches): 69.03s | Loss: 1.1178 (wH: 1.0966, wZ: 0.2114)
Epoch[18/50] | Train Batch[80/167] | Time (10 batches): 68.99s | Loss: 1.1271 (wH: 1.0985, wZ: 0.2859)
Epoch[18/50] | Train Batch[90/167] | Time (10 batches): 69.04s | Loss: 1.1509 (wH: 1.1247, wZ: 0.2621)
Epoch[18/50] | Train Batch[100/167] | Time (10 batches): 69.00s | Loss: 1.2420 (wH: 1.2203, wZ: 0.2166)
Epoch[18/50] | Train Batch[110/167] | Time (10 batches): 68.97s | Loss: 1.2050 (wH: 1.1730, wZ: 0.3201)
Epoch[18/50] | Train Batch[120/167] | Time (10 batches): 68.98s | Loss: 1.2408 (wH: 1.1971, wZ: 0.4367)
Epoch[18/50] | Train Batch[130/167] | Time (10 batches): 68.90s | Loss: 1.2270 (wH: 1.1721, wZ: 0.5485)
Epoch[18/50] | Train Batch[140/167] | Time (10 batches): 68.94s | Loss: 1.1196 (wH: 1.0945, wZ: 0.2508)
Epoch[18/50] | Train Batch[150/167] | Time (10 batches): 68.95s | Loss: 1.1851 (wH: 1.1467, wZ: 0.3846)
Epoch[18/50] | Train Batch[160/167] | Time (10 batches): 68.94s | Loss: 1.2884 (wH: 1.2576, wZ: 0.3078)
=== Epoch 18 Completed in 1436.5s | Sigma: 7.12 | Alpha: 0.57 ===
Train - wHeatmap: 1.1183 | wZ-Depth: 0.3295
Val   - wHeatmap: 1.1761 | wZ-Depth: 0.4687 ✓[Checkpoint Saved]
➔ PHYSICAL SCRUTINY: Missed CoM by 7.11 internal pixels -> ~42.7 pixels on ACTUAL 384x384 video.

Epoch[19/50] | Train Batch[0/167] | Time (1st batch): 6.92s | Loss: 1.0062 (wH: 0.9840, wZ: 0.2219)
Epoch[19/50] | Train Batch[10/167] | Time (10 batches): 69.09s | Loss: 1.1411 (wH: 1.1039, wZ: 0.3718)
Epoch[19/50] | Train Batch[20/167] | Time (10 batches): 68.93s | Loss: 1.0641 (wH: 1.0279, wZ: 0.3617)
Epoch[19/50] | Train Batch[30/167] | Time (10 batches): 68.93s | Loss: 1.0425 (wH: 1.0091, wZ: 0.3336)
Epoch[19/50] | Train Batch[40/167] | Time (10 batches): 68.93s | Loss: 1.2152 (wH: 1.1812, wZ: 0.3400)
Epoch[19/50] | Train Batch[50/167] | Time (10 batches): 68.90s | Loss: 1.0191 (wH: 0.9935, wZ: 0.2567)
Epoch[19/50] | Train Batch[60/167] | Time (10 batches): 68.90s | Loss: 1.0352 (wH: 0.9932, wZ: 0.4209)
Epoch[19/50] | Train Batch[70/167] | Time (10 batches): 68.89s | Loss: 1.0881 (wH: 1.0599, wZ: 0.2814)
Epoch[19/50] | Train Batch[80/167] | Time (10 batches): 68.97s | Loss: 1.1130 (wH: 1.0821, wZ: 0.3093)
Epoch[19/50] | Train Batch[90/167] | Time (10 batches): 68.99s | Loss: 1.0227 (wH: 0.9979, wZ: 0.2483)
Epoch[19/50] | Train Batch[100/167] | Time (10 batches): 68.97s | Loss: 0.9965 (wH: 0.9576, wZ: 0.3888)
Epoch[19/50] | Train Batch[110/167] | Time (10 batches): 68.98s | Loss: 0.9609 (wH: 0.9291, wZ: 0.3183)
Epoch[19/50] | Train Batch[120/167] | Time (10 batches): 68.94s | Loss: 1.0658 (wH: 1.0266, wZ: 0.3923)
Epoch[19/50] | Train Batch[130/167] | Time (10 batches): 68.98s | Loss: 1.0447 (wH: 1.0178, wZ: 0.2691)
Epoch[19/50] | Train Batch[140/167] | Time (10 batches): 68.97s | Loss: 1.0316 (wH: 0.9862, wZ: 0.4545)
Epoch[19/50] | Train Batch[150/167] | Time (10 batches): 68.98s | Loss: 1.1383 (wH: 1.1050, wZ: 0.3335)
Epoch[19/50] | Train Batch[160/167] | Time (10 batches): 68.99s | Loss: 1.0032 (wH: 0.9757, wZ: 0.2745)
=== Epoch 19 Completed in 1436.4s | Sigma: 6.80 | Alpha: 0.60 ===
Train - wHeatmap: 1.0138 | wZ-Depth: 0.3350
Val   - wHeatmap: 1.0629 | wZ-Depth: 0.5455 ✓[Checkpoint Saved]
➔ PHYSICAL SCRUTINY: Missed CoM by 6.85 internal pixels -> ~41.1 pixels on ACTUAL 384x384 video.

Epoch[20/50] | Train Batch[0/167] | Time (1st batch): 6.93s | Loss: 1.0632 (wH: 1.0146, wZ: 0.4863)
Epoch[20/50] | Train Batch[10/167] | Time (10 batches): 69.03s | Loss: 0.8894 (wH: 0.8680, wZ: 0.2139)
Epoch[20/50] | Train Batch[20/167] | Time (10 batches): 69.02s | Loss: 1.0302 (wH: 0.9991, wZ: 0.3108)
Epoch[20/50] | Train Batch[30/167] | Time (10 batches): 68.99s | Loss: 0.9262 (wH: 0.8734, wZ: 0.5277)
Epoch[20/50] | Train Batch[40/167] | Time (10 batches): 68.99s | Loss: 1.0248 (wH: 0.9805, wZ: 0.4430)
Epoch[20/50] | Train Batch[50/167] | Time (10 batches): 69.00s | Loss: 0.9559 (wH: 0.9247, wZ: 0.3114)
Epoch[20/50] | Train Batch[60/167] | Time (10 batches): 69.01s | Loss: 1.0027 (wH: 0.9772, wZ: 0.2549)
Epoch[20/50] | Train Batch[70/167] | Time (10 batches): 68.99s | Loss: 0.9757 (wH: 0.9278, wZ: 0.4794)
Epoch[20/50] | Train Batch[80/167] | Time (10 batches): 68.97s | Loss: 0.9010 (wH: 0.8728, wZ: 0.2817)
Epoch[20/50] | Train Batch[90/167] | Time (10 batches): 68.99s | Loss: 0.8970 (wH: 0.8674, wZ: 0.2957)
Epoch[20/50] | Train Batch[100/167] | Time (10 batches): 68.94s | Loss: 1.0119 (wH: 0.9764, wZ: 0.3543)
Epoch[20/50] | Train Batch[110/167] | Time (10 batches): 68.95s | Loss: 0.9620 (wH: 0.9254, wZ: 0.3655)
Epoch[20/50] | Train Batch[120/167] | Time (10 batches): 68.93s | Loss: 0.8819 (wH: 0.8470, wZ: 0.3490)
Epoch[20/50] | Train Batch[130/167] | Time (10 batches): 68.98s | Loss: 0.9476 (wH: 0.9187, wZ: 0.2886)
Epoch[20/50] | Train Batch[140/167] | Time (10 batches): 68.98s | Loss: 0.9446 (wH: 0.9062, wZ: 0.3841)
Epoch[20/50] | Train Batch[150/167] | Time (10 batches): 68.96s | Loss: 0.8862 (wH: 0.8589, wZ: 0.2731)
Epoch[20/50] | Train Batch[160/167] | Time (10 batches): 68.94s | Loss: 0.9266 (wH: 0.8959, wZ: 0.3070)
=== Epoch 20 Completed in 1436.8s | Sigma: 6.48 | Alpha: 0.63 ===
Train - wHeatmap: 0.9115 | wZ-Depth: 0.3358
Val   - wHeatmap: 0.9666 | wZ-Depth: 0.4899 ✓[Checkpoint Saved]
➔ PHYSICAL SCRUTINY: Missed CoM by 6.34 internal pixels -> ~38.1 pixels on ACTUAL 384x384 video.

Epoch[21/50] | Train Batch[0/167] | Time (1st batch): 6.94s | Loss: 0.8026 (wH: 0.7638, wZ: 0.3879)
Epoch[21/50] | Train Batch[10/167] | Time (10 batches): 68.91s | Loss: 0.8406 (wH: 0.8034, wZ: 0.3719)
Epoch[21/50] | Train Batch[20/167] | Time (10 batches): 68.96s | Loss: 0.8480 (wH: 0.8106, wZ: 0.3739)
Epoch[21/50] | Train Batch[30/167] | Time (10 batches): 68.94s | Loss: 0.7726 (wH: 0.7472, wZ: 0.2549)
Epoch[21/50] | Train Batch[40/167] | Time (10 batches): 68.96s | Loss: 0.9056 (wH: 0.8638, wZ: 0.4174)
Epoch[21/50] | Train Batch[50/167] | Time (10 batches): 68.98s | Loss: 0.8392 (wH: 0.8081, wZ: 0.3108)
Epoch[21/50] | Train Batch[60/167] | Time (10 batches): 68.94s | Loss: 0.8825 (wH: 0.8346, wZ: 0.4798)
Epoch[21/50] | Train Batch[70/167] | Time (10 batches): 68.98s | Loss: 0.8159 (wH: 0.7931, wZ: 0.2276)
Epoch[21/50] | Train Batch[80/167] | Time (10 batches): 68.94s | Loss: 0.8369 (wH: 0.8156, wZ: 0.2138)
Epoch[21/50] | Train Batch[90/167] | Time (10 batches): 68.95s | Loss: 0.7869 (wH: 0.7620, wZ: 0.2499)
Epoch[21/50] | Train Batch[100/167] | Time (10 batches): 68.94s | Loss: 0.9111 (wH: 0.8796, wZ: 0.3150)
Epoch[21/50] | Train Batch[110/167] | Time (10 batches): 68.91s | Loss: 0.8908 (wH: 0.8635, wZ: 0.2724)
Epoch[21/50] | Train Batch[120/167] | Time (10 batches): 68.91s | Loss: 0.8372 (wH: 0.8122, wZ: 0.2506)
Epoch[21/50] | Train Batch[130/167] | Time (10 batches): 68.96s | Loss: 0.8380 (wH: 0.8005, wZ: 0.3754)
Epoch[21/50] | Train Batch[140/167] | Time (10 batches): 68.99s | Loss: 0.9274 (wH: 0.8844, wZ: 0.4296)
Epoch[21/50] | Train Batch[150/167] | Time (10 batches): 68.99s | Loss: 0.7884 (wH: 0.7542, wZ: 0.3420)
Epoch[21/50] | Train Batch[160/167] | Time (10 batches): 68.95s | Loss: 0.7927 (wH: 0.7649, wZ: 0.2776)
=== Epoch 21 Completed in 1436.1s | Sigma: 6.17 | Alpha: 0.67 ===
Train - wHeatmap: 0.8109 | wZ-Depth: 0.3122
Val   - wHeatmap: 0.8581 | wZ-Depth: 0.5022 ✓[Checkpoint Saved]
➔ PHYSICAL SCRUTINY: Missed CoM by 5.64 internal pixels -> ~33.8 pixels on ACTUAL 384x384 video.

Epoch[22/50] | Train Batch[0/167] | Time (1st batch): 6.93s | Loss: 0.7603 (wH: 0.7365, wZ: 0.2386)
Epoch[22/50] | Train Batch[10/167] | Time (10 batches): 68.94s | Loss: 0.6979 (wH: 0.6758, wZ: 0.2215)
Epoch[22/50] | Train Batch[20/167] | Time (10 batches): 68.94s | Loss: 0.7077 (wH: 0.6856, wZ: 0.2206)
Epoch[22/50] | Train Batch[30/167] | Time (10 batches): 68.93s | Loss: 0.7363 (wH: 0.6994, wZ: 0.3687)
Epoch[22/50] | Train Batch[40/167] | Time (10 batches): 68.96s | Loss: 0.7488 (wH: 0.7148, wZ: 0.3392)
Epoch[22/50] | Train Batch[50/167] | Time (10 batches): 69.00s | Loss: 0.7053 (wH: 0.6658, wZ: 0.3955)
Epoch[22/50] | Train Batch[60/167] | Time (10 batches): 69.03s | Loss: 0.7279 (wH: 0.6876, wZ: 0.4032)
Epoch[22/50] | Train Batch[70/167] | Time (10 batches): 68.98s | Loss: 0.7015 (wH: 0.6740, wZ: 0.2745)
Epoch[22/50] | Train Batch[80/167] | Time (10 batches): 68.99s | Loss: 0.7846 (wH: 0.7473, wZ: 0.3722)
Epoch[22/50] | Train Batch[90/167] | Time (10 batches): 69.00s | Loss: 0.7482 (wH: 0.7114, wZ: 0.3676)
Epoch[22/50] | Train Batch[100/167] | Time (10 batches): 68.99s | Loss: 0.7122 (wH: 0.6812, wZ: 0.3102)
Epoch[22/50] | Train Batch[110/167] | Time (10 batches): 69.00s | Loss: 0.7413 (wH: 0.7002, wZ: 0.4106)
Epoch[22/50] | Train Batch[120/167] | Time (10 batches): 68.97s | Loss: 0.7305 (wH: 0.7141, wZ: 0.1637)
Epoch[22/50] | Train Batch[130/167] | Time (10 batches): 68.96s | Loss: 0.7758 (wH: 0.7421, wZ: 0.3379)
Epoch[22/50] | Train Batch[140/167] | Time (10 batches): 69.00s | Loss: 0.7099 (wH: 0.6769, wZ: 0.3300)
Epoch[22/50] | Train Batch[150/167] | Time (10 batches): 69.00s | Loss: 0.7243 (wH: 0.6923, wZ: 0.3204)
Epoch[22/50] | Train Batch[160/167] | Time (10 batches): 69.05s | Loss: 0.7840 (wH: 0.7346, wZ: 0.4932)
=== Epoch 22 Completed in 1436.8s | Sigma: 5.85 | Alpha: 0.70 ===
Train - wHeatmap: 0.7200 | wZ-Depth: 0.3112
Val   - wHeatmap: 0.7717 | wZ-Depth: 0.5103 ✓[Checkpoint Saved]
➔ PHYSICAL SCRUTINY: Missed CoM by 5.28 internal pixels -> ~31.7 pixels on ACTUAL 384x384 video.

Epoch[23/50] | Train Batch[0/167] | Time (1st batch): 6.92s | Loss: 0.7024 (wH: 0.6711, wZ: 0.3131)
Epoch[23/50] | Train Batch[10/167] | Time (10 batches): 68.96s | Loss: 0.7022 (wH: 0.6824, wZ: 0.1978)
Epoch[23/50] | Train Batch[20/167] | Time (10 batches): 68.98s | Loss: 0.6617 (wH: 0.6412, wZ: 0.2055)
Epoch[23/50] | Train Batch[30/167] | Time (10 batches): 69.03s | Loss: 0.6926 (wH: 0.6654, wZ: 0.2721)
Epoch[23/50] | Train Batch[40/167] | Time (10 batches): 68.97s | Loss: 0.7130 (wH: 0.6741, wZ: 0.3892)
Epoch[23/50] | Train Batch[50/167] | Time (10 batches): 69.00s | Loss: 0.6365 (wH: 0.6135, wZ: 0.2294)
Epoch[23/50] | Train Batch[60/167] | Time (10 batches): 68.98s | Loss: 0.5909 (wH: 0.5695, wZ: 0.2140)
Epoch[23/50] | Train Batch[70/167] | Time (10 batches): 69.01s | Loss: 0.7169 (wH: 0.6966, wZ: 0.2036)
Epoch[23/50] | Train Batch[80/167] | Time (10 batches): 69.02s | Loss: 0.6674 (wH: 0.6413, wZ: 0.2616)
Epoch[23/50] | Train Batch[90/167] | Time (10 batches): 68.99s | Loss: 0.7484 (wH: 0.7284, wZ: 0.2005)
Epoch[23/50] | Train Batch[100/167] | Time (10 batches): 69.00s | Loss: 0.6800 (wH: 0.6591, wZ: 0.2098)
Epoch[23/50] | Train Batch[110/167] | Time (10 batches): 69.01s | Loss: 0.6474 (wH: 0.6158, wZ: 0.3161)
Epoch[23/50] | Train Batch[120/167] | Time (10 batches): 68.97s | Loss: 0.6166 (wH: 0.5909, wZ: 0.2569)
Epoch[23/50] | Train Batch[130/167] | Time (10 batches): 69.01s | Loss: 0.6601 (wH: 0.6417, wZ: 0.1839)
Epoch[23/50] | Train Batch[140/167] | Time (10 batches): 68.99s | Loss: 0.6571 (wH: 0.6269, wZ: 0.3020)
Epoch[23/50] | Train Batch[150/167] | Time (10 batches): 68.98s | Loss: 0.6788 (wH: 0.6529, wZ: 0.2597)
Epoch[23/50] | Train Batch[160/167] | Time (10 batches): 68.98s | Loss: 0.6498 (wH: 0.6106, wZ: 0.3915)
=== Epoch 23 Completed in 1437.0s | Sigma: 5.53 | Alpha: 0.73 ===
Train - wHeatmap: 0.6410 | wZ-Depth: 0.2988
Val   - wHeatmap: 0.7041 | wZ-Depth: 0.5431 ✓[Checkpoint Saved]
➔ PHYSICAL SCRUTINY: Missed CoM by 5.13 internal pixels -> ~30.8 pixels on ACTUAL 384x384 video.

Epoch[24/50] | Train Batch[0/167] | Time (1st batch): 6.93s | Loss: 0.6276 (wH: 0.5784, wZ: 0.4920)
Epoch[24/50] | Train Batch[10/167] | Time (10 batches): 68.94s | Loss: 0.6066 (wH: 0.5816, wZ: 0.2495)
Epoch[24/50] | Train Batch[20/167] | Time (10 batches): 68.93s | Loss: 0.5815 (wH: 0.5601, wZ: 0.2146)
Epoch[24/50] | Train Batch[30/167] | Time (10 batches): 68.97s | Loss: 0.6588 (wH: 0.6349, wZ: 0.2389)
Epoch[24/50] | Train Batch[40/167] | Time (10 batches): 68.97s | Loss: 0.6300 (wH: 0.6053, wZ: 0.2473)
Epoch[24/50] | Train Batch[50/167] | Time (10 batches): 68.98s | Loss: 0.6401 (wH: 0.6184, wZ: 0.2172)
Epoch[24/50] | Train Batch[60/167] | Time (10 batches): 69.02s | Loss: 0.6318 (wH: 0.6107, wZ: 0.2112)
Epoch[24/50] | Train Batch[70/167] | Time (10 batches): 69.00s | Loss: 0.5740 (wH: 0.5458, wZ: 0.2820)
Epoch[24/50] | Train Batch[80/167] | Time (10 batches): 68.97s | Loss: 0.6029 (wH: 0.5756, wZ: 0.2734)
Epoch[24/50] | Train Batch[90/167] | Time (10 batches): 69.00s | Loss: 0.5655 (wH: 0.5372, wZ: 0.2828)
Epoch[24/50] | Train Batch[100/167] | Time (10 batches): 69.04s | Loss: 0.6039 (wH: 0.5753, wZ: 0.2858)
Epoch[24/50] | Train Batch[110/167] | Time (10 batches): 69.00s | Loss: 0.5694 (wH: 0.5389, wZ: 0.3058)
Epoch[24/50] | Train Batch[120/167] | Time (10 batches): 68.98s | Loss: 0.5984 (wH: 0.5738, wZ: 0.2456)
Epoch[24/50] | Train Batch[130/167] | Time (10 batches): 68.98s | Loss: 0.5917 (wH: 0.5532, wZ: 0.3851)
Epoch[24/50] | Train Batch[140/167] | Time (10 batches): 69.06s | Loss: 0.5920 (wH: 0.5582, wZ: 0.3379)
Epoch[24/50] | Train Batch[150/167] | Time (10 batches): 69.06s | Loss: 0.5982 (wH: 0.5781, wZ: 0.2014)
Epoch[24/50] | Train Batch[160/167] | Time (10 batches): 69.04s | Loss: 0.5959 (wH: 0.5625, wZ: 0.3342)
=== Epoch 24 Completed in 1437.0s | Sigma: 5.22 | Alpha: 0.77 ===
Train - wHeatmap: 0.5703 | wZ-Depth: 0.2939
Val   - wHeatmap: 0.6279 | wZ-Depth: 0.6337 ✓[Checkpoint Saved]
➔ PHYSICAL SCRUTINY: Missed CoM by 4.95 internal pixels -> ~29.7 pixels on ACTUAL 384x384 video.

Epoch[25/50] | Train Batch[0/167] | Time (1st batch): 6.94s | Loss: 0.5619 (wH: 0.5371, wZ: 0.2481)
Epoch[25/50] | Train Batch[10/167] | Time (10 batches): 68.94s | Loss: 0.5481 (wH: 0.4977, wZ: 0.5034)
Epoch[25/50] | Train Batch[20/167] | Time (10 batches): 68.98s | Loss: 0.5179 (wH: 0.4937, wZ: 0.2426)
Epoch[25/50] | Train Batch[30/167] | Time (10 batches): 68.95s | Loss: 0.5175 (wH: 0.4929, wZ: 0.2452)
Epoch[25/50] | Train Batch[40/167] | Time (10 batches): 68.97s | Loss: 0.5480 (wH: 0.5309, wZ: 0.1710)
Epoch[25/50] | Train Batch[50/167] | Time (10 batches): 69.03s | Loss: 0.5236 (wH: 0.4993, wZ: 0.2430)
Epoch[25/50] | Train Batch[60/167] | Time (10 batches): 69.01s | Loss: 0.5192 (wH: 0.4947, wZ: 0.2455)
Epoch[25/50] | Train Batch[70/167] | Time (10 batches): 69.03s | Loss: 0.4814 (wH: 0.4613, wZ: 0.2010)
Epoch[25/50] | Train Batch[80/167] | Time (10 batches): 69.10s | Loss: 0.4755 (wH: 0.4500, wZ: 0.2545)
Epoch[25/50] | Train Batch[90/167] | Time (10 batches): 68.99s | Loss: 0.5040 (wH: 0.4591, wZ: 0.4492)
Epoch[25/50] | Train Batch[100/167] | Time (10 batches): 69.00s | Loss: 0.5160 (wH: 0.4779, wZ: 0.3802)
Epoch[25/50] | Train Batch[110/167] | Time (10 batches): 69.01s | Loss: 0.5682 (wH: 0.5409, wZ: 0.2732)
Epoch[25/50] | Train Batch[120/167] | Time (10 batches): 69.09s | Loss: 0.5547 (wH: 0.5301, wZ: 0.2461)
Epoch[25/50] | Train Batch[130/167] | Time (10 batches): 69.07s | Loss: 0.5331 (wH: 0.4779, wZ: 0.5516)
Epoch[25/50] | Train Batch[140/167] | Time (10 batches): 69.07s | Loss: 0.5565 (wH: 0.5322, wZ: 0.2434)
Epoch[25/50] | Train Batch[150/167] | Time (10 batches): 68.99s | Loss: 0.5534 (wH: 0.5265, wZ: 0.2697)
Epoch[25/50] | Train Batch[160/167] | Time (10 batches): 68.99s | Loss: 0.5769 (wH: 0.5586, wZ: 0.1831)
=== Epoch 25 Completed in 1437.7s | Sigma: 4.90 | Alpha: 0.80 ===
Train - wHeatmap: 0.5091 | wZ-Depth: 0.2742
Val   - wHeatmap: 0.5657 | wZ-Depth: 0.5731 ✓[Checkpoint Saved]
➔ PHYSICAL SCRUTINY: Missed CoM by 4.85 internal pixels -> ~29.1 pixels on ACTUAL 384x384 video.

Epoch[26/50] | Train Batch[0/167] | Time (1st batch): 6.95s | Loss: 0.4917 (wH: 0.4669, wZ: 0.2482)
Epoch[26/50] | Train Batch[10/167] | Time (10 batches): 69.05s | Loss: 0.4773 (wH: 0.4484, wZ: 0.2888)
Epoch[26/50] | Train Batch[20/167] | Time (10 batches): 69.09s | Loss: 0.5209 (wH: 0.4916, wZ: 0.2931)
Epoch[26/50] | Train Batch[30/167] | Time (10 batches): 69.04s | Loss: 0.4476 (wH: 0.4150, wZ: 0.3252)
Epoch[26/50] | Train Batch[40/167] | Time (10 batches): 69.07s | Loss: 0.5212 (wH: 0.4985, wZ: 0.2273)
Epoch[26/50] | Train Batch[50/167] | Time (10 batches): 69.05s | Loss: 0.4779 (wH: 0.4534, wZ: 0.2454)
Epoch[26/50] | Train Batch[60/167] | Time (10 batches): 69.01s | Loss: 0.4584 (wH: 0.4292, wZ: 0.2914)
Epoch[26/50] | Train Batch[70/167] | Time (10 batches): 69.03s | Loss: 0.4602 (wH: 0.4456, wZ: 0.1469)
Epoch[26/50] | Train Batch[80/167] | Time (10 batches): 69.00s | Loss: 0.4891 (wH: 0.4523, wZ: 0.3679)
Epoch[26/50] | Train Batch[90/167] | Time (10 batches): 69.05s | Loss: 0.5158 (wH: 0.4882, wZ: 0.2757)
Epoch[26/50] | Train Batch[100/167] | Time (10 batches): 69.04s | Loss: 0.4852 (wH: 0.4447, wZ: 0.4047)
Epoch[26/50] | Train Batch[110/167] | Time (10 batches): 69.02s | Loss: 0.4817 (wH: 0.4484, wZ: 0.3328)
Epoch[26/50] | Train Batch[120/167] | Time (10 batches): 69.08s | Loss: 0.5099 (wH: 0.4862, wZ: 0.2368)
Epoch[26/50] | Train Batch[130/167] | Time (10 batches): 69.03s | Loss: 0.4843 (wH: 0.4561, wZ: 0.2824)
Epoch[26/50] | Train Batch[140/167] | Time (10 batches): 68.98s | Loss: 0.4533 (wH: 0.4331, wZ: 0.2024)
Epoch[26/50] | Train Batch[150/167] | Time (10 batches): 69.00s | Loss: 0.5152 (wH: 0.4792, wZ: 0.3600)
Epoch[26/50] | Train Batch[160/167] | Time (10 batches): 68.97s | Loss: 0.4848 (wH: 0.4679, wZ: 0.1693)
=== Epoch 26 Completed in 1437.7s | Sigma: 4.58 | Alpha: 0.83 ===
Train - wHeatmap: 0.4516 | wZ-Depth: 0.2727
Val   - wHeatmap: 0.5067 | wZ-Depth: 0.5609 ✓[Checkpoint Saved]
➔ PHYSICAL SCRUTINY: Missed CoM by 4.68 internal pixels -> ~28.1 pixels on ACTUAL 384x384 video.

Epoch[27/50] | Train Batch[0/167] | Time (1st batch): 6.93s | Loss: 0.4371 (wH: 0.4140, wZ: 0.2302)
Epoch[27/50] | Train Batch[10/167] | Time (10 batches): 68.97s | Loss: 0.3982 (wH: 0.3804, wZ: 0.1784)
Epoch[27/50] | Train Batch[20/167] | Time (10 batches): 69.00s | Loss: 0.4367 (wH: 0.4025, wZ: 0.3416)
Epoch[27/50] | Train Batch[30/167] | Time (10 batches): 69.03s | Loss: 0.4162 (wH: 0.3973, wZ: 0.1886)
Epoch[27/50] | Train Batch[40/167] | Time (10 batches): 69.03s | Loss: 0.4101 (wH: 0.3946, wZ: 0.1551)
Epoch[27/50] | Train Batch[50/167] | Time (10 batches): 68.99s | Loss: 0.4369 (wH: 0.4137, wZ: 0.2319)
Epoch[27/50] | Train Batch[60/167] | Time (10 batches): 69.03s | Loss: 0.4520 (wH: 0.4314, wZ: 0.2055)
Epoch[27/50] | Train Batch[70/167] | Time (10 batches): 69.03s | Loss: 0.4161 (wH: 0.3968, wZ: 0.1924)
Epoch[27/50] | Train Batch[80/167] | Time (10 batches): 69.01s | Loss: 0.4020 (wH: 0.3785, wZ: 0.2352)
Epoch[27/50] | Train Batch[90/167] | Time (10 batches): 69.00s | Loss: 0.4064 (wH: 0.3897, wZ: 0.1668)
Epoch[27/50] | Train Batch[100/167] | Time (10 batches): 69.01s | Loss: 0.4534 (wH: 0.4210, wZ: 0.3247)
Epoch[27/50] | Train Batch[110/167] | Time (10 batches): 69.00s | Loss: 0.4153 (wH: 0.3756, wZ: 0.3979)
Epoch[27/50] | Train Batch[120/167] | Time (10 batches): 69.02s | Loss: 0.4525 (wH: 0.4149, wZ: 0.3758)
Epoch[27/50] | Train Batch[130/167] | Time (10 batches): 69.01s | Loss: 0.4446 (wH: 0.4223, wZ: 0.2228)
Epoch[27/50] | Train Batch[140/167] | Time (10 batches): 69.06s | Loss: 0.4715 (wH: 0.4519, wZ: 0.1951)
Epoch[27/50] | Train Batch[150/167] | Time (10 batches): 69.06s | Loss: 0.4501 (wH: 0.4235, wZ: 0.2661)
Epoch[27/50] | Train Batch[160/167] | Time (10 batches): 69.06s | Loss: 0.4289 (wH: 0.3980, wZ: 0.3087)
=== Epoch 27 Completed in 1437.7s | Sigma: 4.27 | Alpha: 0.87 ===
Train - wHeatmap: 0.3996 | wZ-Depth: 0.2666
Val   - wHeatmap: 0.4563 | wZ-Depth: 0.5012 ✓[Checkpoint Saved]
➔ PHYSICAL SCRUTINY: Missed CoM by 4.66 internal pixels -> ~28.0 pixels on ACTUAL 384x384 video.

Epoch[28/50] | Train Batch[0/167] | Time (1st batch): 6.93s | Loss: 0.3782 (wH: 0.3659, wZ: 0.1237)
Epoch[28/50] | Train Batch[10/167] | Time (10 batches): 69.09s | Loss: 0.3706 (wH: 0.3475, wZ: 0.2309)
Epoch[28/50] | Train Batch[20/167] | Time (10 batches): 69.09s | Loss: 0.3497 (wH: 0.3164, wZ: 0.3332)
Epoch[28/50] | Train Batch[30/167] | Time (10 batches): 69.09s | Loss: 0.3490 (wH: 0.3281, wZ: 0.2088)
Epoch[28/50] | Train Batch[40/167] | Time (10 batches): 69.09s | Loss: 0.3435 (wH: 0.3257, wZ: 0.1773)
Epoch[28/50] | Train Batch[50/167] | Time (10 batches): 69.04s | Loss: 0.3587 (wH: 0.3335, wZ: 0.2525)
Epoch[28/50] | Train Batch[60/167] | Time (10 batches): 69.07s | Loss: 0.3484 (wH: 0.3254, wZ: 0.2295)
Epoch[28/50] | Train Batch[70/167] | Time (10 batches): 69.07s | Loss: 0.3709 (wH: 0.3543, wZ: 0.1659)
Epoch[28/50] | Train Batch[80/167] | Time (10 batches): 69.09s | Loss: 0.4046 (wH: 0.3856, wZ: 0.1900)
Epoch[28/50] | Train Batch[90/167] | Time (10 batches): 69.12s | Loss: 0.4119 (wH: 0.3807, wZ: 0.3118)
Epoch[28/50] | Train Batch[100/167] | Time (10 batches): 69.09s | Loss: 0.3670 (wH: 0.3355, wZ: 0.3146)
Epoch[28/50] | Train Batch[110/167] | Time (10 batches): 69.10s | Loss: 0.4059 (wH: 0.3877, wZ: 0.1816)
Epoch[28/50] | Train Batch[120/167] | Time (10 batches): 69.10s | Loss: 0.4084 (wH: 0.3701, wZ: 0.3827)
Epoch[28/50] | Train Batch[130/167] | Time (10 batches): 69.13s | Loss: 0.3660 (wH: 0.3383, wZ: 0.2771)
Epoch[28/50] | Train Batch[140/167] | Time (10 batches): 69.12s | Loss: 0.3639 (wH: 0.3417, wZ: 0.2220)
Epoch[28/50] | Train Batch[150/167] | Time (10 batches): 69.08s | Loss: 0.3839 (wH: 0.3639, wZ: 0.2004)
Epoch[28/50] | Train Batch[160/167] | Time (10 batches): 69.06s | Loss: 0.3663 (wH: 0.3469, wZ: 0.1936)
=== Epoch 28 Completed in 1439.0s | Sigma: 3.95 | Alpha: 0.90 ===
Train - wHeatmap: 0.3514 | wZ-Depth: 0.2397
Val   - wHeatmap: 0.4046 | wZ-Depth: 0.4946 ✓[Checkpoint Saved]
➔ PHYSICAL SCRUTINY: Missed CoM by 4.43 internal pixels -> ~26.6 pixels on ACTUAL 384x384 video.

Epoch[29/50] | Train Batch[0/167] | Time (1st batch): 6.93s | Loss: 0.3206 (wH: 0.2971, wZ: 0.2346)
Epoch[29/50] | Train Batch[10/167] | Time (10 batches): 69.10s | Loss: 0.3246 (wH: 0.2981, wZ: 0.2651)
Epoch[29/50] | Train Batch[20/167] | Time (10 batches): 69.05s | Loss: 0.3099 (wH: 0.2943, wZ: 0.1564)
Epoch[29/50] | Train Batch[30/167] | Time (10 batches): 69.04s | Loss: 0.3379 (wH: 0.3126, wZ: 0.2533)
Epoch[29/50] | Train Batch[40/167] | Time (10 batches): 69.04s | Loss: 0.3185 (wH: 0.3009, wZ: 0.1767)
Epoch[29/50] | Train Batch[50/167] | Time (10 batches): 68.97s | Loss: 0.3386 (wH: 0.3093, wZ: 0.2930)
Epoch[29/50] | Train Batch[60/167] | Time (10 batches): 69.04s | Loss: 0.3230 (wH: 0.2976, wZ: 0.2543)
Epoch[29/50] | Train Batch[70/167] | Time (10 batches): 69.04s | Loss: 0.3368 (wH: 0.3204, wZ: 0.1637)
Epoch[29/50] | Train Batch[80/167] | Time (10 batches): 69.05s | Loss: 0.3396 (wH: 0.3174, wZ: 0.2218)
Epoch[29/50] | Train Batch[90/167] | Time (10 batches): 69.04s | Loss: 0.3088 (wH: 0.2811, wZ: 0.2768)
Epoch[29/50] | Train Batch[100/167] | Time (10 batches): 69.03s | Loss: 0.3246 (wH: 0.3024, wZ: 0.2225)
Epoch[29/50] | Train Batch[110/167] | Time (10 batches): 69.10s | Loss: 0.3140 (wH: 0.2974, wZ: 0.1661)
Epoch[29/50] | Train Batch[120/167] | Time (10 batches): 69.06s | Loss: 0.3197 (wH: 0.2958, wZ: 0.2387)
Epoch[29/50] | Train Batch[130/167] | Time (10 batches): 69.03s | Loss: 0.3427 (wH: 0.3145, wZ: 0.2818)
Epoch[29/50] | Train Batch[140/167] | Time (10 batches): 69.04s | Loss: 0.3620 (wH: 0.3330, wZ: 0.2903)
Epoch[29/50] | Train Batch[150/167] | Time (10 batches): 69.03s | Loss: 0.2970 (wH: 0.2733, wZ: 0.2366)
Epoch[29/50] | Train Batch[160/167] | Time (10 batches): 69.04s | Loss: 0.3073 (wH: 0.2893, wZ: 0.1798)
=== Epoch 29 Completed in 1438.2s | Sigma: 3.63 | Alpha: 0.93 ===
Train - wHeatmap: 0.3088 | wZ-Depth: 0.2230
Val   - wHeatmap: 0.3636 | wZ-Depth: 0.4857 ✓[Checkpoint Saved]
➔ PHYSICAL SCRUTINY: Missed CoM by 4.43 internal pixels -> ~26.6 pixels on ACTUAL 384x384 video.

Epoch[30/50] | Train Batch[0/167] | Time (1st batch): 6.93s | Loss: 0.2905 (wH: 0.2526, wZ: 0.3793)
Epoch[30/50] | Train Batch[10/167] | Time (10 batches): 69.16s | Loss: 0.2783 (wH: 0.2541, wZ: 0.2420)
Epoch[30/50] | Train Batch[20/167] | Time (10 batches): 69.08s | Loss: 0.3111 (wH: 0.2842, wZ: 0.2682)
Epoch[30/50] | Train Batch[30/167] | Time (10 batches): 69.11s | Loss: 0.2696 (wH: 0.2403, wZ: 0.2933)
Epoch[30/50] | Train Batch[40/167] | Time (10 batches): 69.05s | Loss: 0.3114 (wH: 0.2942, wZ: 0.1715)
Epoch[30/50] | Train Batch[50/167] | Time (10 batches): 69.00s | Loss: 0.3031 (wH: 0.2730, wZ: 0.3016)
Epoch[30/50] | Train Batch[60/167] | Time (10 batches): 68.98s | Loss: 0.2982 (wH: 0.2581, wZ: 0.4013)
Epoch[30/50] | Train Batch[70/167] | Time (10 batches): 69.09s | Loss: 0.3168 (wH: 0.2721, wZ: 0.4466)
Epoch[30/50] | Train Batch[80/167] | Time (10 batches): 69.12s | Loss: 0.2890 (wH: 0.2556, wZ: 0.3331)
Epoch[30/50] | Train Batch[90/167] | Time (10 batches): 69.13s | Loss: 0.3005 (wH: 0.2816, wZ: 0.1896)
Epoch[30/50] | Train Batch[100/167] | Time (10 batches): 69.08s | Loss: 0.3320 (wH: 0.2979, wZ: 0.3409)
Epoch[30/50] | Train Batch[110/167] | Time (10 batches): 69.14s | Loss: 0.2580 (wH: 0.2412, wZ: 0.1682)
Epoch[30/50] | Train Batch[120/167] | Time (10 batches): 69.13s | Loss: 0.3317 (wH: 0.3113, wZ: 0.2040)
Epoch[30/50] | Train Batch[130/167] | Time (10 batches): 69.13s | Loss: 0.2988 (wH: 0.2705, wZ: 0.2835)
Epoch[30/50] | Train Batch[140/167] | Time (10 batches): 69.13s | Loss: 0.3004 (wH: 0.2840, wZ: 0.1644)
Epoch[30/50] | Train Batch[150/167] | Time (10 batches): 69.10s | Loss: 0.2788 (wH: 0.2643, wZ: 0.1451)
Epoch[30/50] | Train Batch[160/167] | Time (10 batches): 69.07s | Loss: 0.2644 (wH: 0.2461, wZ: 0.1829)
=== Epoch 30 Completed in 1439.3s | Sigma: 3.32 | Alpha: 0.97 ===
Train - wHeatmap: 0.2699 | wZ-Depth: 0.2464
Val   - wHeatmap: 0.3173 | wZ-Depth: 0.5632 ✓[Checkpoint Saved]
➔ PHYSICAL SCRUTINY: Missed CoM by 4.29 internal pixels -> ~25.7 pixels on ACTUAL 384x384 video.

Epoch[31/50] | Train Batch[0/167] | Time (1st batch): 6.94s | Loss: 0.2322 (wH: 0.2104, wZ: 0.2177)
Epoch[31/50] | Train Batch[10/167] | Time (10 batches): 69.11s | Loss: 0.2633 (wH: 0.2459, wZ: 0.1738)
Epoch[31/50] | Train Batch[20/167] | Time (10 batches): 69.08s | Loss: 0.2483 (wH: 0.2310, wZ: 0.1738)
Epoch[31/50] | Train Batch[30/167] | Time (10 batches): 69.00s | Loss: 0.2574 (wH: 0.2395, wZ: 0.1790)
Epoch[31/50] | Train Batch[40/167] | Time (10 batches): 69.05s | Loss: 0.2284 (wH: 0.2153, wZ: 0.1308)
Epoch[31/50] | Train Batch[50/167] | Time (10 batches): 69.03s | Loss: 0.2184 (wH: 0.1994, wZ: 0.1902)
Epoch[31/50] | Train Batch[60/167] | Time (10 batches): 69.06s | Loss: 0.2432 (wH: 0.2264, wZ: 0.1680)
Epoch[31/50] | Train Batch[70/167] | Time (10 batches): 69.08s | Loss: 0.2446 (wH: 0.2271, wZ: 0.1741)
Epoch[31/50] | Train Batch[80/167] | Time (10 batches): 69.16s | Loss: 0.2453 (wH: 0.2239, wZ: 0.2139)
Epoch[31/50] | Train Batch[90/167] | Time (10 batches): 69.12s | Loss: 0.2544 (wH: 0.2369, wZ: 0.1751)
Epoch[31/50] | Train Batch[100/167] | Time (10 batches): 69.10s | Loss: 0.2702 (wH: 0.2503, wZ: 0.1997)
Epoch[31/50] | Train Batch[110/167] | Time (10 batches): 69.11s | Loss: 0.2414 (wH: 0.2279, wZ: 0.1357)
Epoch[31/50] | Train Batch[120/167] | Time (10 batches): 69.07s | Loss: 0.2415 (wH: 0.2194, wZ: 0.2205)
Epoch[31/50] | Train Batch[130/167] | Time (10 batches): 69.09s | Loss: 0.2154 (wH: 0.1931, wZ: 0.2232)
Epoch[31/50] | Train Batch[140/167] | Time (10 batches): 69.08s | Loss: 0.2487 (wH: 0.2306, wZ: 0.1812)
Epoch[31/50] | Train Batch[150/167] | Time (10 batches): 69.11s | Loss: 0.2604 (wH: 0.2356, wZ: 0.2478)
Epoch[31/50] | Train Batch[160/167] | Time (10 batches): 69.11s | Loss: 0.2577 (wH: 0.2305, wZ: 0.2721)
=== Epoch 31 Completed in 1438.9s | Sigma: 3.00 | Alpha: 1.00 ===
Train - wHeatmap: 0.2351 | wZ-Depth: 0.2128
Val   - wHeatmap: 0.2803 | wZ-Depth: 0.5151 ✓[Checkpoint Saved]
➔ PHYSICAL SCRUTINY: Missed CoM by 4.19 internal pixels -> ~25.1 pixels on ACTUAL 384x384 video.

Epoch[32/50] | Train Batch[0/167] | Time (1st batch): 6.94s | Loss: 0.2705 (wH: 0.2467, wZ: 0.2380)
Epoch[32/50] | Train Batch[10/167] | Time (10 batches): 69.12s | Loss: 0.2188 (wH: 0.2034, wZ: 0.1535)
Epoch[32/50] | Train Batch[20/167] | Time (10 batches): 69.14s | Loss: 0.2473 (wH: 0.2328, wZ: 0.1446)
Epoch[32/50] | Train Batch[30/167] | Time (10 batches): 69.09s | Loss: 0.2655 (wH: 0.2372, wZ: 0.2826)
Epoch[32/50] | Train Batch[40/167] | Time (10 batches): 69.11s | Loss: 0.2600 (wH: 0.2417, wZ: 0.1824)
Epoch[32/50] | Train Batch[50/167] | Time (10 batches): 69.01s | Loss: 0.2293 (wH: 0.2150, wZ: 0.1426)
Epoch[32/50] | Train Batch[60/167] | Time (10 batches): 69.01s | Loss: 0.2508 (wH: 0.2298, wZ: 0.2102)
Epoch[32/50] | Train Batch[70/167] | Time (10 batches): 69.01s | Loss: 0.2706 (wH: 0.2561, wZ: 0.1454)
Epoch[32/50] | Train Batch[80/167] | Time (10 batches): 69.09s | Loss: 0.2495 (wH: 0.2289, wZ: 0.2060)
Epoch[32/50] | Train Batch[90/167] | Time (10 batches): 69.05s | Loss: 0.2319 (wH: 0.2168, wZ: 0.1506)
Epoch[32/50] | Train Batch[100/167] | Time (10 batches): 69.05s | Loss: 0.2380 (wH: 0.2163, wZ: 0.2174)
Epoch[32/50] | Train Batch[110/167] | Time (10 batches): 69.03s | Loss: 0.2437 (wH: 0.2242, wZ: 0.1945)
Epoch[32/50] | Train Batch[120/167] | Time (10 batches): 69.01s | Loss: 0.2821 (wH: 0.2641, wZ: 0.1800)
Epoch[32/50] | Train Batch[130/167] | Time (10 batches): 69.07s | Loss: 0.2503 (wH: 0.2304, wZ: 0.1984)
Epoch[32/50] | Train Batch[140/167] | Time (10 batches): 69.02s | Loss: 0.2359 (wH: 0.2214, wZ: 0.1450)
Epoch[32/50] | Train Batch[150/167] | Time (10 batches): 69.02s | Loss: 0.2540 (wH: 0.2356, wZ: 0.1838)
Epoch[32/50] | Train Batch[160/167] | Time (10 batches): 69.02s | Loss: 0.2485 (wH: 0.2356, wZ: 0.1290)
=== Epoch 32 Completed in 1438.3s | Sigma: 3.00 | Alpha: 1.00 ===
Train - wHeatmap: 0.2317 | wZ-Depth: 0.2071
Val   - wHeatmap: 0.2810 | wZ-Depth: 0.4860 ✓[Checkpoint Saved]
➔ PHYSICAL SCRUTINY: Missed CoM by 4.19 internal pixels -> ~25.1 pixels on ACTUAL 384x384 video.

Epoch[33/50] | Train Batch[0/167] | Time (1st batch): 6.96s | Loss: 0.2450 (wH: 0.2238, wZ: 0.2123)
Epoch[33/50] | Train Batch[10/167] | Time (10 batches): 69.09s | Loss: 0.2458 (wH: 0.2224, wZ: 0.2341)
Epoch[33/50] | Train Batch[20/167] | Time (10 batches): 69.12s | Loss: 0.2570 (wH: 0.2369, wZ: 0.2015)
Epoch[33/50] | Train Batch[30/167] | Time (10 batches): 69.11s | Loss: 0.2534 (wH: 0.2380, wZ: 0.1537)
Epoch[33/50] | Train Batch[40/167] | Time (10 batches): 69.08s | Loss: 0.2327 (wH: 0.2146, wZ: 0.1811)
Epoch[33/50] | Train Batch[50/167] | Time (10 batches): 69.03s | Loss: 0.2699 (wH: 0.2463, wZ: 0.2352)
Epoch[33/50] | Train Batch[60/167] | Time (10 batches): 69.00s | Loss: 0.2614 (wH: 0.2407, wZ: 0.2065)
Epoch[33/50] | Train Batch[70/167] | Time (10 batches): 70.43s | Loss: 0.2512 (wH: 0.2316, wZ: 0.1958)
Epoch[33/50] | Train Batch[80/167] | Time (10 batches): 69.10s | Loss: 0.2112 (wH: 0.1997, wZ: 0.1142)
Epoch[33/50] | Train Batch[90/167] | Time (10 batches): 69.12s | Loss: 0.2595 (wH: 0.2397, wZ: 0.1976)
Epoch[33/50] | Train Batch[100/167] | Time (10 batches): 69.13s | Loss: 0.2479 (wH: 0.2322, wZ: 0.1569)
Epoch[33/50] | Train Batch[110/167] | Time (10 batches): 69.18s | Loss: 0.2925 (wH: 0.2745, wZ: 0.1797)
Epoch[33/50] | Train Batch[120/167] | Time (10 batches): 69.17s | Loss: 0.2303 (wH: 0.2132, wZ: 0.1713)
Epoch[33/50] | Train Batch[130/167] | Time (10 batches): 69.16s | Loss: 0.2481 (wH: 0.2311, wZ: 0.1700)
Epoch[33/50] | Train Batch[140/167] | Time (10 batches): 69.14s | Loss: 0.2532 (wH: 0.2319, wZ: 0.2133)
Epoch[33/50] | Train Batch[150/167] | Time (10 batches): 69.11s | Loss: 0.2749 (wH: 0.2622, wZ: 0.1270)
Epoch[33/50] | Train Batch[160/167] | Time (10 batches): 69.11s | Loss: 0.2493 (wH: 0.2349, wZ: 0.1440)
=== Epoch 33 Completed in 1440.8s | Sigma: 3.00 | Alpha: 1.00 ===
Train - wHeatmap: 0.2290 | wZ-Depth: 0.1981
Val   - wHeatmap: 0.2798 | wZ-Depth: 0.4736 ✓[Checkpoint Saved]
➔ PHYSICAL SCRUTINY: Missed CoM by 4.17 internal pixels -> ~25.0 pixels on ACTUAL 384x384 video.

Epoch[34/50] | Train Batch[0/167] | Time (1st batch): 6.93s | Loss: 0.2278 (wH: 0.1999, wZ: 0.2791)
Epoch[34/50] | Train Batch[10/167] | Time (10 batches): 69.13s | Loss: 0.2660 (wH: 0.2412, wZ: 0.2487)
Epoch[34/50] | Train Batch[20/167] | Time (10 batches): 69.12s | Loss: 0.2434 (wH: 0.2299, wZ: 0.1353)
Epoch[34/50] | Train Batch[30/167] | Time (10 batches): 69.07s | Loss: 0.2295 (wH: 0.2101, wZ: 0.1931)
Epoch[34/50] | Train Batch[40/167] | Time (10 batches): 69.10s | Loss: 0.2330 (wH: 0.2144, wZ: 0.1853)
Epoch[34/50] | Train Batch[50/167] | Time (10 batches): 69.12s | Loss: 0.2213 (wH: 0.1944, wZ: 0.2694)
Epoch[34/50] | Train Batch[60/167] | Time (10 batches): 69.12s | Loss: 0.2416 (wH: 0.2300, wZ: 0.1152)
Epoch[34/50] | Train Batch[70/167] | Time (10 batches): 69.12s | Loss: 0.2142 (wH: 0.1987, wZ: 0.1553)
Epoch[34/50] | Train Batch[80/167] | Time (10 batches): 69.15s | Loss: 0.2315 (wH: 0.2182, wZ: 0.1337)
Epoch[34/50] | Train Batch[90/167] | Time (10 batches): 69.13s | Loss: 0.2176 (wH: 0.2039, wZ: 0.1364)
Epoch[34/50] | Train Batch[100/167] | Time (10 batches): 69.11s | Loss: 0.2504 (wH: 0.2340, wZ: 0.1637)
Epoch[34/50] | Train Batch[110/167] | Time (10 batches): 69.14s | Loss: 0.2547 (wH: 0.2341, wZ: 0.2060)
Epoch[34/50] | Train Batch[120/167] | Time (10 batches): 69.12s | Loss: 0.2555 (wH: 0.2325, wZ: 0.2301)
Epoch[34/50] | Train Batch[130/167] | Time (10 batches): 69.07s | Loss: 0.2362 (wH: 0.2188, wZ: 0.1738)
Epoch[34/50] | Train Batch[140/167] | Time (10 batches): 69.08s | Loss: 0.2443 (wH: 0.2251, wZ: 0.1924)
Epoch[34/50] | Train Batch[150/167] | Time (10 batches): 69.18s | Loss: 0.2325 (wH: 0.2167, wZ: 0.1581)
Epoch[34/50] | Train Batch[160/167] | Time (10 batches): 69.19s | Loss: 0.2361 (wH: 0.2179, wZ: 0.1818)
=== Epoch 34 Completed in 1439.7s | Sigma: 3.00 | Alpha: 1.00 ===
Train - wHeatmap: 0.2262 | wZ-Depth: 0.1931
Val   - wHeatmap: 0.2864 | wZ-Depth: 0.4958 ![Ignored: Protected Runway]
➔ PHYSICAL SCRUTINY: Missed CoM by 4.15 internal pixels -> ~24.9 pixels on ACTUAL 384x384 video.

Epoch[35/50] | Train Batch[0/167] | Time (1st batch): 6.94s | Loss: 0.2241 (wH: 0.2120, wZ: 0.1208)
Epoch[35/50] | Train Batch[10/167] | Time (10 batches): 69.17s | Loss: 0.2327 (wH: 0.2120, wZ: 0.2065)
Epoch[35/50] | Train Batch[20/167] | Time (10 batches): 69.12s | Loss: 0.2337 (wH: 0.2172, wZ: 0.1651)
Epoch[35/50] | Train Batch[30/167] | Time (10 batches): 69.10s | Loss: 0.2723 (wH: 0.2519, wZ: 0.2041)
Epoch[35/50] | Train Batch[40/167] | Time (10 batches): 69.09s | Loss: 0.2347 (wH: 0.2230, wZ: 0.1169)
Epoch[35/50] | Train Batch[50/167] | Time (10 batches): 69.05s | Loss: 0.2231 (wH: 0.2076, wZ: 0.1550)
Epoch[35/50] | Train Batch[60/167] | Time (10 batches): 69.11s | Loss: 0.2483 (wH: 0.2271, wZ: 0.2114)
Epoch[35/50] | Train Batch[70/167] | Time (10 batches): 69.14s | Loss: 0.2236 (wH: 0.2120, wZ: 0.1167)
Epoch[35/50] | Train Batch[80/167] | Time (10 batches): 69.13s | Loss: 0.2370 (wH: 0.2144, wZ: 0.2260)
Epoch[35/50] | Train Batch[90/167] | Time (10 batches): 69.09s | Loss: 0.2187 (wH: 0.2053, wZ: 0.1343)
Epoch[35/50] | Train Batch[100/167] | Time (10 batches): 69.08s | Loss: 0.2441 (wH: 0.2150, wZ: 0.2911)
Epoch[35/50] | Train Batch[110/167] | Time (10 batches): 69.10s | Loss: 0.2337 (wH: 0.2112, wZ: 0.2246)
Epoch[35/50] | Train Batch[120/167] | Time (10 batches): 68.99s | Loss: 0.2541 (wH: 0.2340, wZ: 0.2011)
Epoch[35/50] | Train Batch[130/167] | Time (10 batches): 69.06s | Loss: 0.2314 (wH: 0.2089, wZ: 0.2256)
Epoch[35/50] | Train Batch[140/167] | Time (10 batches): 69.10s | Loss: 0.2868 (wH: 0.2519, wZ: 0.3490)
Epoch[35/50] | Train Batch[150/167] | Time (10 batches): 69.12s | Loss: 0.2603 (wH: 0.2407, wZ: 0.1958)
Epoch[35/50] | Train Batch[160/167] | Time (10 batches): 69.14s | Loss: 0.2393 (wH: 0.2164, wZ: 0.2289)
=== Epoch 35 Completed in 1439.2s | Sigma: 3.00 | Alpha: 1.00 ===
Train - wHeatmap: 0.2235 | wZ-Depth: 0.1899
Val   - wHeatmap: 0.2824 | wZ-Depth: 0.5595 ![Ignored: Protected Runway]
➔ PHYSICAL SCRUTINY: Missed CoM by 4.07 internal pixels -> ~24.4 pixels on ACTUAL 384x384 video.

Epoch[36/50] | Train Batch[0/167] | Time (1st batch): 6.94s | Loss: 0.2603 (wH: 0.2350, wZ: 0.2524)
Epoch[36/50] | Train Batch[10/167] | Time (10 batches): 69.12s | Loss: 0.2259 (wH: 0.2116, wZ: 0.1430)
Epoch[36/50] | Train Batch[20/167] | Time (10 batches): 69.14s | Loss: 0.2609 (wH: 0.2390, wZ: 0.2189)
Epoch[36/50] | Train Batch[30/167] | Time (10 batches): 69.16s | Loss: 0.2608 (wH: 0.2423, wZ: 0.1851)
Epoch[36/50] | Train Batch[40/167] | Time (10 batches): 69.12s | Loss: 0.2301 (wH: 0.2082, wZ: 0.2189)
Epoch[36/50] | Train Batch[50/167] | Time (10 batches): 69.13s | Loss: 0.2615 (wH: 0.2427, wZ: 0.1877)
Epoch[36/50] | Train Batch[60/167] | Time (10 batches): 69.12s | Loss: 0.2161 (wH: 0.1992, wZ: 0.1693)
Epoch[36/50] | Train Batch[70/167] | Time (10 batches): 69.12s | Loss: 0.2197 (wH: 0.2060, wZ: 0.1371)
Epoch[36/50] | Train Batch[80/167] | Time (10 batches): 69.10s | Loss: 0.2189 (wH: 0.2004, wZ: 0.1853)
Epoch[36/50] | Train Batch[90/167] | Time (10 batches): 69.10s | Loss: 0.2578 (wH: 0.2404, wZ: 0.1738)
Epoch[36/50] | Train Batch[100/167] | Time (10 batches): 69.09s | Loss: 0.2331 (wH: 0.2196, wZ: 0.1345)
Epoch[36/50] | Train Batch[110/167] | Time (10 batches): 69.12s | Loss: 0.2503 (wH: 0.2309, wZ: 0.1942)
Epoch[36/50] | Train Batch[120/167] | Time (10 batches): 69.13s | Loss: 0.2812 (wH: 0.2535, wZ: 0.2773)
Epoch[36/50] | Train Batch[130/167] | Time (10 batches): 69.14s | Loss: 0.2529 (wH: 0.2352, wZ: 0.1763)
Epoch[36/50] | Train Batch[140/167] | Time (10 batches): 69.14s | Loss: 0.2344 (wH: 0.2113, wZ: 0.2316)
Epoch[36/50] | Train Batch[150/167] | Time (10 batches): 69.09s | Loss: 0.2486 (wH: 0.2274, wZ: 0.2116)
Epoch[36/50] | Train Batch[160/167] | Time (10 batches): 68.98s | Loss: 0.2564 (wH: 0.2421, wZ: 0.1430)
=== Epoch 36 Completed in 1438.8s | Sigma: 3.00 | Alpha: 1.00 ===
Train - wHeatmap: 0.2215 | wZ-Depth: 0.1765
Val   - wHeatmap: 0.2815 | wZ-Depth: 0.5110 ![Ignored: Protected Runway]
➔ PHYSICAL SCRUTINY: Missed CoM by 3.99 internal pixels -> ~24.0 pixels on ACTUAL 384x384 video.

Epoch[37/50] | Train Batch[0/167] | Time (1st batch): 6.93s | Loss: 0.2359 (wH: 0.2190, wZ: 0.1691)
Epoch[37/50] | Train Batch[10/167] | Time (10 batches): 69.01s | Loss: 0.2277 (wH: 0.2098, wZ: 0.1793)
Epoch[37/50] | Train Batch[20/167] | Time (10 batches): 69.10s | Loss: 0.2359 (wH: 0.2160, wZ: 0.1989)
Epoch[37/50] | Train Batch[30/167] | Time (10 batches): 69.13s | Loss: 0.2329 (wH: 0.2182, wZ: 0.1466)
Epoch[37/50] | Train Batch[40/167] | Time (10 batches): 69.11s | Loss: 0.2379 (wH: 0.2244, wZ: 0.1351)
Epoch[37/50] | Train Batch[50/167] | Time (10 batches): 69.07s | Loss: 0.2330 (wH: 0.2218, wZ: 0.1117)
Epoch[37/50] | Train Batch[60/167] | Time (10 batches): 69.10s | Loss: 0.2280 (wH: 0.2147, wZ: 0.1331)
Epoch[37/50] | Train Batch[70/167] | Time (10 batches): 69.05s | Loss: 0.2372 (wH: 0.2218, wZ: 0.1532)
Epoch[37/50] | Train Batch[80/167] | Time (10 batches): 68.99s | Loss: 0.2483 (wH: 0.2320, wZ: 0.1627)
Epoch[37/50] | Train Batch[90/167] | Time (10 batches): 69.03s | Loss: 0.2064 (wH: 0.1927, wZ: 0.1363)
Epoch[37/50] | Train Batch[100/167] | Time (10 batches): 69.07s | Loss: 0.2236 (wH: 0.2103, wZ: 0.1332)
Epoch[37/50] | Train Batch[110/167] | Time (10 batches): 69.09s | Loss: 0.2508 (wH: 0.2399, wZ: 0.1091)
Epoch[37/50] | Train Batch[120/167] | Time (10 batches): 69.01s | Loss: 0.2395 (wH: 0.2233, wZ: 0.1622)
Epoch[37/50] | Train Batch[130/167] | Time (10 batches): 68.98s | Loss: 0.2097 (wH: 0.1937, wZ: 0.1593)
Epoch[37/50] | Train Batch[140/167] | Time (10 batches): 69.06s | Loss: 0.2175 (wH: 0.1993, wZ: 0.1820)
Epoch[37/50] | Train Batch[150/167] | Time (10 batches): 69.07s | Loss: 0.2668 (wH: 0.2489, wZ: 0.1788)
Epoch[37/50] | Train Batch[160/167] | Time (10 batches): 69.04s | Loss: 0.2671 (wH: 0.2513, wZ: 0.1576)
=== Epoch 37 Completed in 1438.2s | Sigma: 3.00 | Alpha: 1.00 ===
Train - wHeatmap: 0.2180 | wZ-Depth: 0.1544
Val   - wHeatmap: 0.2845 | wZ-Depth: 0.5128 ![Ignored: Protected Runway]
➔ PHYSICAL SCRUTINY: Missed CoM by 4.05 internal pixels -> ~24.3 pixels on ACTUAL 384x384 video.

Epoch[38/50] | Train Batch[0/167] | Time (1st batch): 6.94s | Loss: 0.2390 (wH: 0.2250, wZ: 0.1399)
Epoch[38/50] | Train Batch[10/167] | Time (10 batches): 69.09s | Loss: 0.2517 (wH: 0.2332, wZ: 0.1846)
Epoch[38/50] | Train Batch[20/167] | Time (10 batches): 69.02s | Loss: 0.2251 (wH: 0.2118, wZ: 0.1331)
Epoch[38/50] | Train Batch[30/167] | Time (10 batches): 68.99s | Loss: 0.2364 (wH: 0.2174, wZ: 0.1898)
Epoch[38/50] | Train Batch[40/167] | Time (10 batches): 68.98s | Loss: 0.2244 (wH: 0.2109, wZ: 0.1351)
Epoch[38/50] | Train Batch[50/167] | Time (10 batches): 68.97s | Loss: 0.2410 (wH: 0.2238, wZ: 0.1726)
Epoch[38/50] | Train Batch[60/167] | Time (10 batches): 68.96s | Loss: 0.2324 (wH: 0.2186, wZ: 0.1377)
Epoch[38/50] | Train Batch[70/167] | Time (10 batches): 68.98s | Loss: 0.2372 (wH: 0.2157, wZ: 0.2141)
Epoch[38/50] | Train Batch[80/167] | Time (10 batches): 69.00s | Loss: 0.2063 (wH: 0.1937, wZ: 0.1259)
Epoch[38/50] | Train Batch[90/167] | Time (10 batches): 69.09s | Loss: 0.2435 (wH: 0.2294, wZ: 0.1405)
Epoch[38/50] | Train Batch[100/167] | Time (10 batches): 69.12s | Loss: 0.2392 (wH: 0.2234, wZ: 0.1576)
Epoch[38/50] | Train Batch[110/167] | Time (10 batches): 69.06s | Loss: 0.2224 (wH: 0.2058, wZ: 0.1655)
Epoch[38/50] | Train Batch[120/167] | Time (10 batches): 69.06s | Loss: 0.2560 (wH: 0.2216, wZ: 0.3445)
Epoch[38/50] | Train Batch[130/167] | Time (10 batches): 69.07s | Loss: 0.2485 (wH: 0.2353, wZ: 0.1320)
Epoch[38/50] | Train Batch[140/167] | Time (10 batches): 69.08s | Loss: 0.2724 (wH: 0.2461, wZ: 0.2630)
Epoch[38/50] | Train Batch[150/167] | Time (10 batches): 69.08s | Loss: 0.2329 (wH: 0.2143, wZ: 0.1862)
Epoch[38/50] | Train Batch[160/167] | Time (10 batches): 69.06s | Loss: 0.2168 (wH: 0.2060, wZ: 0.1077)
=== Epoch 38 Completed in 1438.2s | Sigma: 3.00 | Alpha: 1.00 ===
Train - wHeatmap: 0.2152 | wZ-Depth: 0.1670
Val   - wHeatmap: 0.2847 | wZ-Depth: 0.5465 ![Ignored: Protected Runway]
➔ PHYSICAL SCRUTINY: Missed CoM by 4.12 internal pixels -> ~24.7 pixels on ACTUAL 384x384 video.

Epoch[39/50] | Train Batch[0/167] | Time (1st batch): 6.95s | Loss: 0.2483 (wH: 0.2316, wZ: 0.1670)
Epoch[39/50] | Train Batch[10/167] | Time (10 batches): 69.03s | Loss: 0.2086 (wH: 0.1943, wZ: 0.1430)
Epoch[39/50] | Train Batch[20/167] | Time (10 batches): 69.00s | Loss: 0.2097 (wH: 0.1959, wZ: 0.1387)
Epoch[39/50] | Train Batch[30/167] | Time (10 batches): 69.04s | Loss: 0.2154 (wH: 0.2056, wZ: 0.0986)
Epoch[39/50] | Train Batch[40/167] | Time (10 batches): 69.01s | Loss: 0.2183 (wH: 0.2064, wZ: 0.1195)
Epoch[39/50] | Train Batch[50/167] | Time (10 batches): 69.09s | Loss: 0.2134 (wH: 0.2000, wZ: 0.1340)
Epoch[39/50] | Train Batch[60/167] | Time (10 batches): 69.05s | Loss: 0.2461 (wH: 0.2366, wZ: 0.0957)
Epoch[39/50] | Train Batch[70/167] | Time (10 batches): 69.07s | Loss: 0.2247 (wH: 0.2114, wZ: 0.1331)
Epoch[39/50] | Train Batch[80/167] | Time (10 batches): 69.07s | Loss: 0.2266 (wH: 0.2130, wZ: 0.1351)
Epoch[39/50] | Train Batch[90/167] | Time (10 batches): 69.05s | Loss: 0.2223 (wH: 0.2101, wZ: 0.1222)
Epoch[39/50] | Train Batch[100/167] | Time (10 batches): 69.07s | Loss: 0.2569 (wH: 0.2447, wZ: 0.1216)
Epoch[39/50] | Train Batch[110/167] | Time (10 batches): 69.05s | Loss: 0.2293 (wH: 0.2142, wZ: 0.1516)
Epoch[39/50] | Train Batch[120/167] | Time (10 batches): 69.08s | Loss: 0.2489 (wH: 0.2301, wZ: 0.1878)
Epoch[39/50] | Train Batch[130/167] | Time (10 batches): 69.09s | Loss: 0.2233 (wH: 0.2051, wZ: 0.1811)
Epoch[39/50] | Train Batch[140/167] | Time (10 batches): 68.99s | Loss: 0.2198 (wH: 0.2076, wZ: 0.1219)
Epoch[39/50] | Train Batch[150/167] | Time (10 batches): 69.01s | Loss: 0.2239 (wH: 0.2090, wZ: 0.1498)
Epoch[39/50] | Train Batch[160/167] | Time (10 batches): 69.00s | Loss: 0.2616 (wH: 0.2462, wZ: 0.1534)
=== Epoch 39 Completed in 1438.0s | Sigma: 3.00 | Alpha: 1.00 ===
Train - wHeatmap: 0.2128 | wZ-Depth: 0.1657
Val   - wHeatmap: 0.2906 | wZ-Depth: 0.4872 ![Ignored: Protected Runway]
➔ PHYSICAL SCRUTINY: Missed CoM by 4.09 internal pixels -> ~24.5 pixels on ACTUAL 384x384 video.

Epoch[40/50] | Train Batch[0/167] | Time (1st batch): 6.94s | Loss: 0.2313 (wH: 0.2191, wZ: 0.1215)
Epoch[40/50] | Train Batch[10/167] | Time (10 batches): 69.00s | Loss: 0.2238 (wH: 0.2136, wZ: 0.1015)
Epoch[40/50] | Train Batch[20/167] | Time (10 batches): 69.05s | Loss: 0.2293 (wH: 0.2125, wZ: 0.1682)
Epoch[40/50] | Train Batch[30/167] | Time (10 batches): 69.01s | Loss: 0.2354 (wH: 0.2182, wZ: 0.1718)
Epoch[40/50] | Train Batch[40/167] | Time (10 batches): 69.03s | Loss: 0.2262 (wH: 0.2147, wZ: 0.1150)
Epoch[40/50] | Train Batch[50/167] | Time (10 batches): 69.11s | Loss: 0.2369 (wH: 0.2274, wZ: 0.0944)
Epoch[40/50] | Train Batch[60/167] | Time (10 batches): 69.10s | Loss: 0.2171 (wH: 0.2026, wZ: 0.1447)
Epoch[40/50] | Train Batch[70/167] | Time (10 batches): 69.07s | Loss: 0.2549 (wH: 0.2395, wZ: 0.1544)
Epoch[40/50] | Train Batch[80/167] | Time (10 batches): 69.04s | Loss: 0.2185 (wH: 0.2075, wZ: 0.1098)
Epoch[40/50] | Train Batch[90/167] | Time (10 batches): 69.11s | Loss: 0.2254 (wH: 0.2157, wZ: 0.0969)
Epoch[40/50] | Train Batch[100/167] | Time (10 batches): 69.07s | Loss: 0.2239 (wH: 0.2005, wZ: 0.2340)
Epoch[40/50] | Train Batch[110/167] | Time (10 batches): 69.06s | Loss: 0.1958 (wH: 0.1800, wZ: 0.1587)
Epoch[40/50] | Train Batch[120/167] | Time (10 batches): 69.14s | Loss: 0.2250 (wH: 0.2118, wZ: 0.1321)
Epoch[40/50] | Train Batch[130/167] | Time (10 batches): 69.09s | Loss: 0.2410 (wH: 0.2211, wZ: 0.1987)
Epoch[40/50] | Train Batch[140/167] | Time (10 batches): 69.09s | Loss: 0.2371 (wH: 0.2115, wZ: 0.2563)
Epoch[40/50] | Train Batch[150/167] | Time (10 batches): 69.07s | Loss: 0.2300 (wH: 0.2168, wZ: 0.1328)
Epoch[40/50] | Train Batch[160/167] | Time (10 batches): 69.08s | Loss: 0.2131 (wH: 0.2005, wZ: 0.1257)
=== Epoch 40 Completed in 1438.8s | Sigma: 3.00 | Alpha: 1.00 ===
Train - wHeatmap: 0.2102 | wZ-Depth: 0.1487
Val   - wHeatmap: 0.2896 | wZ-Depth: 0.5990 ![Ignored: Protected Runway]
➔ PHYSICAL SCRUTINY: Missed CoM by 4.09 internal pixels -> ~24.5 pixels on ACTUAL 384x384 video.

Epoch[41/50] | Train Batch[0/167] | Time (1st batch): 6.94s | Loss: 0.2516 (wH: 0.2365, wZ: 0.1514)
Epoch[41/50] | Train Batch[10/167] | Time (10 batches): 69.11s | Loss: 0.2049 (wH: 0.1929, wZ: 0.1207)
Epoch[41/50] | Train Batch[20/167] | Time (10 batches): 69.16s | Loss: 0.2278 (wH: 0.2144, wZ: 0.1342)
Epoch[41/50] | Train Batch[30/167] | Time (10 batches): 69.09s | Loss: 0.2125 (wH: 0.1972, wZ: 0.1539)
Epoch[41/50] | Train Batch[40/167] | Time (10 batches): 69.10s | Loss: 0.2245 (wH: 0.2124, wZ: 0.1215)
Epoch[41/50] | Train Batch[50/167] | Time (10 batches): 69.10s | Loss: 0.2089 (wH: 0.1972, wZ: 0.1171)
Epoch[41/50] | Train Batch[60/167] | Time (10 batches): 69.06s | Loss: 0.2171 (wH: 0.2076, wZ: 0.0949)
Epoch[41/50] | Train Batch[70/167] | Time (10 batches): 69.09s | Loss: 0.2304 (wH: 0.2127, wZ: 0.1769)
Epoch[41/50] | Train Batch[80/167] | Time (10 batches): 69.05s | Loss: 0.2439 (wH: 0.2336, wZ: 0.1030)
Epoch[41/50] | Train Batch[90/167] | Time (10 batches): 69.07s | Loss: 0.2262 (wH: 0.2119, wZ: 0.1439)
Epoch[41/50] | Train Batch[100/167] | Time (10 batches): 69.06s | Loss: 0.2165 (wH: 0.1948, wZ: 0.2170)
Epoch[41/50] | Train Batch[110/167] | Time (10 batches): 69.00s | Loss: 0.2413 (wH: 0.2103, wZ: 0.3106)
Epoch[41/50] | Train Batch[120/167] | Time (10 batches): 69.04s | Loss: 0.2120 (wH: 0.1957, wZ: 0.1637)
Epoch[41/50] | Train Batch[130/167] | Time (10 batches): 68.99s | Loss: 0.2323 (wH: 0.2170, wZ: 0.1528)
Epoch[41/50] | Train Batch[140/167] | Time (10 batches): 68.96s | Loss: 0.2103 (wH: 0.1997, wZ: 0.1065)
Epoch[41/50] | Train Batch[150/167] | Time (10 batches): 68.99s | Loss: 0.2156 (wH: 0.1973, wZ: 0.1833)
Epoch[41/50] | Train Batch[160/167] | Time (10 batches): 68.98s | Loss: 0.2349 (wH: 0.2173, wZ: 0.1757)
=== Epoch 41 Completed in 1438.3s | Sigma: 3.00 | Alpha: 1.00 ===
Train - wHeatmap: 0.2083 | wZ-Depth: 0.1596
Val   - wHeatmap: 0.2901 | wZ-Depth: 0.5013 ![No Improvement: Patience 1/6]
➔ PHYSICAL SCRUTINY: Missed CoM by 4.05 internal pixels -> ~24.3 pixels on ACTUAL 384x384 video.

Epoch[42/50] | Train Batch[0/167] | Time (1st batch): 6.94s | Loss: 0.2284 (wH: 0.2162, wZ: 0.1219)
Epoch[42/50] | Train Batch[10/167] | Time (10 batches): 69.02s | Loss: 0.2060 (wH: 0.1967, wZ: 0.0929)
Epoch[42/50] | Train Batch[20/167] | Time (10 batches): 69.01s | Loss: 0.2039 (wH: 0.1898, wZ: 0.1410)
Epoch[42/50] | Train Batch[30/167] | Time (10 batches): 69.06s | Loss: 0.2322 (wH: 0.2168, wZ: 0.1541)
Epoch[42/50] | Train Batch[40/167] | Time (10 batches): 69.04s | Loss: 0.2000 (wH: 0.1824, wZ: 0.1763)
Epoch[42/50] | Train Batch[50/167] | Time (10 batches): 69.08s | Loss: 0.2053 (wH: 0.1908, wZ: 0.1452)
Epoch[42/50] | Train Batch[60/167] | Time (10 batches): 69.11s | Loss: 0.2355 (wH: 0.2243, wZ: 0.1113)
Epoch[42/50] | Train Batch[70/167] | Time (10 batches): 69.11s | Loss: 0.2108 (wH: 0.1973, wZ: 0.1351)
Epoch[42/50] | Train Batch[80/167] | Time (10 batches): 69.07s | Loss: 0.2226 (wH: 0.2068, wZ: 0.1582)
Epoch[42/50] | Train Batch[90/167] | Time (10 batches): 69.07s | Loss: 0.2140 (wH: 0.2012, wZ: 0.1278)
Epoch[42/50] | Train Batch[100/167] | Time (10 batches): 69.06s | Loss: 0.2031 (wH: 0.1913, wZ: 0.1181)
Epoch[42/50] | Train Batch[110/167] | Time (10 batches): 69.14s | Loss: 0.2212 (wH: 0.2025, wZ: 0.1868)
Epoch[42/50] | Train Batch[120/167] | Time (10 batches): 69.11s | Loss: 0.2344 (wH: 0.2200, wZ: 0.1441)
Epoch[42/50] | Train Batch[130/167] | Time (10 batches): 69.08s | Loss: 0.2403 (wH: 0.2135, wZ: 0.2679)
Epoch[42/50] | Train Batch[140/167] | Time (10 batches): 69.12s | Loss: 0.2040 (wH: 0.1848, wZ: 0.1916)
Epoch[42/50] | Train Batch[150/167] | Time (10 batches): 69.10s | Loss: 0.1968 (wH: 0.1853, wZ: 0.1155)
Epoch[42/50] | Train Batch[160/167] | Time (10 batches): 69.10s | Loss: 0.2170 (wH: 0.2036, wZ: 0.1334)
=== Epoch 42 Completed in 1439.7s | Sigma: 3.00 | Alpha: 1.00 ===
Train - wHeatmap: 0.2043 | wZ-Depth: 0.1390
Val   - wHeatmap: 0.2932 | wZ-Depth: 0.4711 ![No Improvement: Patience 2/6]
➔ PHYSICAL SCRUTINY: Missed CoM by 4.05 internal pixels -> ~24.3 pixels on ACTUAL 384x384 video.

Epoch[43/50] | Train Batch[0/167] | Time (1st batch): 7.19s | Loss: 0.2039 (wH: 0.1921, wZ: 0.1176)
Epoch[43/50] | Train Batch[10/167] | Time (10 batches): 69.19s | Loss: 0.2084 (wH: 0.1965, wZ: 0.1188)
Epoch[43/50] | Train Batch[20/167] | Time (10 batches): 69.17s | Loss: 0.1951 (wH: 0.1806, wZ: 0.1451)
Epoch[43/50] | Train Batch[30/167] | Time (10 batches): 69.12s | Loss: 0.2227 (wH: 0.2112, wZ: 0.1150)
Epoch[43/50] | Train Batch[40/167] | Time (10 batches): 69.10s | Loss: 0.2017 (wH: 0.1885, wZ: 0.1314)
Epoch[43/50] | Train Batch[50/167] | Time (10 batches): 69.08s | Loss: 0.2219 (wH: 0.2113, wZ: 0.1060)
Epoch[43/50] | Train Batch[60/167] | Time (10 batches): 69.11s | Loss: 0.2098 (wH: 0.1988, wZ: 0.1094)
Epoch[43/50] | Train Batch[70/167] | Time (10 batches): 69.12s | Loss: 0.2068 (wH: 0.1972, wZ: 0.0955)
Epoch[43/50] | Train Batch[80/167] | Time (10 batches): 69.09s | Loss: 0.2092 (wH: 0.1991, wZ: 0.1005)
Epoch[43/50] | Train Batch[90/167] | Time (10 batches): 69.10s | Loss: 0.2129 (wH: 0.2012, wZ: 0.1177)
Epoch[43/50] | Train Batch[100/167] | Time (10 batches): 69.10s | Loss: 0.2122 (wH: 0.2018, wZ: 0.1035)
Epoch[43/50] | Train Batch[110/167] | Time (10 batches): 69.09s | Loss: 0.2236 (wH: 0.2096, wZ: 0.1398)
Epoch[43/50] | Train Batch[120/167] | Time (10 batches): 69.11s | Loss: 0.2131 (wH: 0.2020, wZ: 0.1102)
Epoch[43/50] | Train Batch[130/167] | Time (10 batches): 69.09s | Loss: 0.2165 (wH: 0.1984, wZ: 0.1813)
Epoch[43/50] | Train Batch[140/167] | Time (10 batches): 69.10s | Loss: 0.2478 (wH: 0.2329, wZ: 0.1493)
Epoch[43/50] | Train Batch[150/167] | Time (10 batches): 69.09s | Loss: 0.2228 (wH: 0.2104, wZ: 0.1237)
Epoch[43/50] | Train Batch[160/167] | Time (10 batches): 69.09s | Loss: 0.2240 (wH: 0.2099, wZ: 0.1402)
=== Epoch 43 Completed in 1439.6s | Sigma: 3.00 | Alpha: 1.00 ===
Train - wHeatmap: 0.2027 | wZ-Depth: 0.1281
Val   - wHeatmap: 0.2960 | wZ-Depth: 0.4893 ![No Improvement: Patience 3/6]
➔ PHYSICAL SCRUTINY: Missed CoM by 4.06 internal pixels -> ~24.3 pixels on ACTUAL 384x384 video.

Epoch[44/50] | Train Batch[0/167] | Time (1st batch): 6.94s | Loss: 0.2105 (wH: 0.1990, wZ: 0.1154)
Epoch[44/50] | Train Batch[10/167] | Time (10 batches): 69.07s | Loss: 0.2119 (wH: 0.1909, wZ: 0.2097)
Epoch[44/50] | Train Batch[20/167] | Time (10 batches): 69.05s | Loss: 0.2059 (wH: 0.1936, wZ: 0.1225)
Epoch[44/50] | Train Batch[30/167] | Time (10 batches): 69.04s | Loss: 0.2222 (wH: 0.2072, wZ: 0.1506)
Epoch[44/50] | Train Batch[40/167] | Time (10 batches): 69.05s | Loss: 0.2130 (wH: 0.2030, wZ: 0.1002)
Epoch[44/50] | Train Batch[50/167] | Time (10 batches): 69.01s | Loss: 0.1972 (wH: 0.1862, wZ: 0.1094)
Epoch[44/50] | Train Batch[60/167] | Time (10 batches): 69.10s | Loss: 0.2015 (wH: 0.1854, wZ: 0.1612)
Epoch[44/50] | Train Batch[70/167] | Time (10 batches): 69.11s | Loss: 0.2073 (wH: 0.1963, wZ: 0.1094)
Epoch[44/50] | Train Batch[80/167] | Time (10 batches): 69.07s | Loss: 0.1982 (wH: 0.1863, wZ: 0.1192)
Epoch[44/50] | Train Batch[90/167] | Time (10 batches): 69.11s | Loss: 0.2066 (wH: 0.1869, wZ: 0.1969)
Epoch[44/50] | Train Batch[100/167] | Time (10 batches): 69.09s | Loss: 0.2329 (wH: 0.2128, wZ: 0.2013)
Epoch[44/50] | Train Batch[110/167] | Time (10 batches): 69.02s | Loss: 0.2325 (wH: 0.2221, wZ: 0.1037)
Epoch[44/50] | Train Batch[120/167] | Time (10 batches): 69.06s | Loss: 0.2287 (wH: 0.2168, wZ: 0.1183)
Epoch[44/50] | Train Batch[130/167] | Time (10 batches): 69.05s | Loss: 0.2172 (wH: 0.1998, wZ: 0.1745)
Epoch[44/50] | Train Batch[140/167] | Time (10 batches): 69.02s | Loss: 0.2198 (wH: 0.2077, wZ: 0.1214)
Epoch[44/50] | Train Batch[150/167] | Time (10 batches): 69.04s | Loss: 0.2270 (wH: 0.2162, wZ: 0.1082)
Epoch[44/50] | Train Batch[160/167] | Time (10 batches): 69.01s | Loss: 0.2244 (wH: 0.2102, wZ: 0.1419)
=== Epoch 44 Completed in 1438.0s | Sigma: 3.00 | Alpha: 1.00 ===
Train - wHeatmap: 0.1997 | wZ-Depth: 0.1340
Val   - wHeatmap: 0.2963 | wZ-Depth: 0.5009 ![No Improvement: Patience 4/6]
➔ PHYSICAL SCRUTINY: Missed CoM by 4.08 internal pixels -> ~24.5 pixels on ACTUAL 384x384 video.

Epoch[45/50] | Train Batch[0/167] | Time (1st batch): 6.93s | Loss: 0.1902 (wH: 0.1813, wZ: 0.0894)
Epoch[45/50] | Train Batch[10/167] | Time (10 batches): 68.98s | Loss: 0.2170 (wH: 0.2074, wZ: 0.0956)
Epoch[45/50] | Train Batch[20/167] | Time (10 batches): 68.98s | Loss: 0.2138 (wH: 0.1996, wZ: 0.1413)
Epoch[45/50] | Train Batch[30/167] | Time (10 batches): 68.97s | Loss: 0.2208 (wH: 0.2040, wZ: 0.1681)
Epoch[45/50] | Train Batch[40/167] | Time (10 batches): 68.94s | Loss: 0.2009 (wH: 0.1850, wZ: 0.1590)
Epoch[45/50] | Train Batch[50/167] | Time (10 batches): 68.98s | Loss: 0.2257 (wH: 0.2066, wZ: 0.1911)
Epoch[45/50] | Train Batch[60/167] | Time (10 batches): 69.15s | Loss: 0.2106 (wH: 0.2006, wZ: 0.1001)
Epoch[45/50] | Train Batch[70/167] | Time (10 batches): 69.08s | Loss: 0.2084 (wH: 0.1894, wZ: 0.1903)
Epoch[45/50] | Train Batch[80/167] | Time (10 batches): 69.06s | Loss: 0.2161 (wH: 0.2053, wZ: 0.1080)
Epoch[45/50] | Train Batch[90/167] | Time (10 batches): 69.09s | Loss: 0.2056 (wH: 0.1922, wZ: 0.1342)
Epoch[45/50] | Train Batch[100/167] | Time (10 batches): 69.03s | Loss: 0.2090 (wH: 0.1990, wZ: 0.1001)
Epoch[45/50] | Train Batch[110/167] | Time (10 batches): 69.04s | Loss: 0.2055 (wH: 0.1773, wZ: 0.2820)
Epoch[45/50] | Train Batch[120/167] | Time (10 batches): 69.08s | Loss: 0.2246 (wH: 0.1996, wZ: 0.2501)
Epoch[45/50] | Train Batch[130/167] | Time (10 batches): 69.10s | Loss: 0.2017 (wH: 0.1879, wZ: 0.1381)
Epoch[45/50] | Train Batch[140/167] | Time (10 batches): 69.11s | Loss: 0.2279 (wH: 0.2150, wZ: 0.1294)
Epoch[45/50] | Train Batch[150/167] | Time (10 batches): 69.08s | Loss: 0.2022 (wH: 0.1919, wZ: 0.1030)
Epoch[45/50] | Train Batch[160/167] | Time (10 batches): 69.06s | Loss: 0.1932 (wH: 0.1820, wZ: 0.1116)
=== Epoch 45 Completed in 1438.2s | Sigma: 3.00 | Alpha: 1.00 ===
Train - wHeatmap: 0.1976 | wZ-Depth: 0.1492
Val   - wHeatmap: 0.3000 | wZ-Depth: 0.5114 ![No Improvement: Patience 5/6]
➔ PHYSICAL SCRUTINY: Missed CoM by 4.03 internal pixels -> ~24.2 pixels on ACTUAL 384x384 video.

Epoch[46/50] | Train Batch[0/167] | Time (1st batch): 6.93s | Loss: 0.2113 (wH: 0.1992, wZ: 0.1205)
Epoch[46/50] | Train Batch[10/167] | Time (10 batches): 69.05s | Loss: 0.2217 (wH: 0.2122, wZ: 0.0951)
Epoch[46/50] | Train Batch[20/167] | Time (10 batches): 69.14s | Loss: 0.2352 (wH: 0.2189, wZ: 0.1621)
Epoch[46/50] | Train Batch[30/167] | Time (10 batches): 69.17s | Loss: 0.2171 (wH: 0.2058, wZ: 0.1133)
Epoch[46/50] | Train Batch[40/167] | Time (10 batches): 69.11s | Loss: 0.2166 (wH: 0.2046, wZ: 0.1195)
Epoch[46/50] | Train Batch[50/167] | Time (10 batches): 69.11s | Loss: 0.1931 (wH: 0.1853, wZ: 0.0778)
Epoch[46/50] | Train Batch[60/167] | Time (10 batches): 69.12s | Loss: 0.2221 (wH: 0.1938, wZ: 0.2827)
Epoch[46/50] | Train Batch[70/167] | Time (10 batches): 69.08s | Loss: 0.2392 (wH: 0.2220, wZ: 0.1721)
Epoch[46/50] | Train Batch[80/167] | Time (10 batches): 69.12s | Loss: 0.2582 (wH: 0.2126, wZ: 0.4553)
Epoch[46/50] | Train Batch[90/167] | Time (10 batches): 69.07s | Loss: 0.2181 (wH: 0.1931, wZ: 0.2501)
Epoch[46/50] | Train Batch[100/167] | Time (10 batches): 69.19s | Loss: 0.2094 (wH: 0.1911, wZ: 0.1828)
Epoch[46/50] | Train Batch[110/167] | Time (10 batches): 69.18s | Loss: 0.2042 (wH: 0.1931, wZ: 0.1111)
Epoch[46/50] | Train Batch[120/167] | Time (10 batches): 69.12s | Loss: 0.2053 (wH: 0.1963, wZ: 0.0898)
Epoch[46/50] | Train Batch[130/167] | Time (10 batches): 69.13s | Loss: 0.1826 (wH: 0.1764, wZ: 0.0622)
Epoch[46/50] | Train Batch[140/167] | Time (10 batches): 69.13s | Loss: 0.2054 (wH: 0.1945, wZ: 0.1083)
Epoch[46/50] | Train Batch[150/167] | Time (10 batches): 69.16s | Loss: 0.2087 (wH: 0.1976, wZ: 0.1111)
Epoch[46/50] | Train Batch[160/167] | Time (10 batches): 69.23s | Loss: 0.1853 (wH: 0.1753, wZ: 0.1000)
=== Epoch 46 Completed in 1439.8s | Sigma: 3.00 | Alpha: 1.00 ===
Train - wHeatmap: 0.1952 | wZ-Depth: 0.1455
Val   - wHeatmap: 0.2985 | wZ-Depth: 0.5663 ![No Improvement: Patience 6/6]
➔ PHYSICAL SCRUTINY: Missed CoM by 4.14 internal pixels -> ~24.8 pixels on ACTUAL 384x384 video.

!! Early stopping triggered! Validation loss plateaued for 6 epochs post-runway.
✓ Training completed in 1102.41 minutes.
Generating training plots...
✓ Training plots saved to 'statera_temporal_loss.png'
✓ Best model weights saved to 'best_statera_probe.pth'
